2023-07-09T02:01:17.990+0700 [DEBUG] [org.gradle.launcher.daemon.bootstrap.DaemonMain] Assuming the daemon was started with following jvm opts: [--add-opens=java.base/java.util=ALL-UNNAMED, --add-opens=java.base/java.lang=ALL-UNNAMED, --add-opens=java.base/java.lang.invoke=ALL-UNNAMED, --add-opens=java.prefs/java.util.prefs=ALL-UNNAMED, --add-opens=java.base/java.nio.charset=ALL-UNNAMED, --add-opens=java.base/java.net=ALL-UNNAMED, --add-opens=java.base/java.util.concurrent.atomic=ALL-UNNAMED, -XX:MaxMetaspaceSize=384m, -XX:+HeapDumpOnOutOfMemoryError, -Xms256m, -Xmx512m, -Dfile.encoding=windows-1252, -Duser.country=US, -Duser.language=en, -Duser.variant]
2023-07-09T02:01:18.048+0700 [DEBUG] [org.gradle.internal.nativeintegration.services.NativeServices] Native-platform posix files integration is not available. Continuing with fallback.
2023-07-09T02:01:18.054+0700 [INFO] [org.gradle.launcher.daemon.server.Daemon] start() called on daemon - DefaultDaemonContext[uid=da7a460c-0bb3-465d-b760-4f2066ef506b,javaHome=C:\Program Files\Java\jdk-17,daemonRegistryDir=D:\Repos2\ttt-auto\gradle\daemon,pid=5736,idleTimeout=10800000,priority=NORMAL,applyInstrumentationAgent=true,daemonOpts=--add-opens=java.base/java.util=ALL-UNNAMED,--add-opens=java.base/java.lang=ALL-UNNAMED,--add-opens=java.base/java.lang.invoke=ALL-UNNAMED,--add-opens=java.prefs/java.util.prefs=ALL-UNNAMED,--add-opens=java.base/java.nio.charset=ALL-UNNAMED,--add-opens=java.base/java.net=ALL-UNNAMED,--add-opens=java.base/java.util.concurrent.atomic=ALL-UNNAMED,-XX:MaxMetaspaceSize=384m,-XX:+HeapDumpOnOutOfMemoryError,-Xms256m,-Xmx512m,-Dfile.encoding=windows-1252,-Duser.country=US,-Duser.language=en,-Duser.variant]
2023-07-09T02:01:18.085+0700 [DEBUG] [org.gradle.internal.remote.internal.inet.InetAddresses] Adding IP addresses for network interface Software Loopback Interface 1
2023-07-09T02:01:18.086+0700 [DEBUG] [org.gradle.internal.remote.internal.inet.InetAddresses] Is this a loopback interface? true
2023-07-09T02:01:18.086+0700 [DEBUG] [org.gradle.internal.remote.internal.inet.InetAddresses] Adding loopback address /127.0.0.1
2023-07-09T02:01:18.086+0700 [DEBUG] [org.gradle.internal.remote.internal.inet.InetAddresses] Adding loopback address /0:0:0:0:0:0:0:1
2023-07-09T02:01:18.086+0700 [DEBUG] [org.gradle.internal.remote.internal.inet.InetAddresses] Adding IP addresses for network interface Microsoft 6to4 Adapter
2023-07-09T02:01:18.087+0700 [DEBUG] [org.gradle.internal.remote.internal.inet.InetAddresses] Is this a loopback interface? false
2023-07-09T02:01:18.087+0700 [DEBUG] [org.gradle.internal.remote.internal.inet.InetAddresses] Adding IP addresses for network interface Intel(R) Wi-Fi 6 AX201 160MHz
2023-07-09T02:01:18.088+0700 [DEBUG] [org.gradle.internal.remote.internal.inet.InetAddresses] Is this a loopback interface? false
2023-07-09T02:01:18.088+0700 [DEBUG] [org.gradle.internal.remote.internal.inet.InetAddresses] Adding remote address /fe80:0:0:0:d580:1dd7:d119:1e86%wlan0
2023-07-09T02:01:18.089+0700 [DEBUG] [org.gradle.internal.remote.internal.inet.InetAddresses] Adding IP addresses for network interface OpenVPN Data Channel Offload
2023-07-09T02:01:18.089+0700 [DEBUG] [org.gradle.internal.remote.internal.inet.InetAddresses] Is this a loopback interface? false
2023-07-09T02:01:18.090+0700 [DEBUG] [org.gradle.internal.remote.internal.inet.InetAddresses] Adding remote address /192.168.240.137
2023-07-09T02:01:18.090+0700 [DEBUG] [org.gradle.internal.remote.internal.inet.InetAddresses] Adding remote address /fe80:0:0:0:8de1:fda5:4005:4126%net1
2023-07-09T02:01:18.090+0700 [DEBUG] [org.gradle.internal.remote.internal.inet.InetAddresses] Adding IP addresses for network interface Wintun Userspace Tunnel
2023-07-09T02:01:18.091+0700 [DEBUG] [org.gradle.internal.remote.internal.inet.InetAddresses] Is this a loopback interface? false
2023-07-09T02:01:18.091+0700 [DEBUG] [org.gradle.internal.remote.internal.inet.InetAddresses] Adding remote address /fe80:0:0:0:4b64:32f9:95b0:e9cc%net2
2023-07-09T02:01:18.091+0700 [DEBUG] [org.gradle.internal.remote.internal.inet.InetAddresses] Adding IP addresses for network interface Microsoft IP-HTTPS Platform Adapter
2023-07-09T02:01:18.092+0700 [DEBUG] [org.gradle.internal.remote.internal.inet.InetAddresses] Is this a loopback interface? false
2023-07-09T02:01:18.092+0700 [DEBUG] [org.gradle.internal.remote.internal.inet.InetAddresses] Adding IP addresses for network interface Microsoft Wi-Fi Direct Virtual Adapter #2
2023-07-09T02:01:18.093+0700 [DEBUG] [org.gradle.internal.remote.internal.inet.InetAddresses] Is this a loopback interface? false
2023-07-09T02:01:18.093+0700 [DEBUG] [org.gradle.internal.remote.internal.inet.InetAddresses] Adding remote address /fe80:0:0:0:b1c0:d74a:6837:26e5%wlan1
2023-07-09T02:01:18.093+0700 [DEBUG] [org.gradle.internal.remote.internal.inet.InetAddresses] Adding IP addresses for network interface Microsoft Teredo Tunneling Adapter
2023-07-09T02:01:18.094+0700 [DEBUG] [org.gradle.internal.remote.internal.inet.InetAddresses] Is this a loopback interface? false
2023-07-09T02:01:18.094+0700 [DEBUG] [org.gradle.internal.remote.internal.inet.InetAddresses] Adding IP addresses for network interface Intel(R) Ethernet Controller (3) I225-V
2023-07-09T02:01:18.095+0700 [DEBUG] [org.gradle.internal.remote.internal.inet.InetAddresses] Is this a loopback interface? false
2023-07-09T02:01:18.095+0700 [DEBUG] [org.gradle.internal.remote.internal.inet.InetAddresses] Adding remote address /192.168.0.186
2023-07-09T02:01:18.095+0700 [DEBUG] [org.gradle.internal.remote.internal.inet.InetAddresses] Adding remote address /fd01:0:0:0:6d01:5850:b100:3c04
2023-07-09T02:01:18.095+0700 [DEBUG] [org.gradle.internal.remote.internal.inet.InetAddresses] Adding remote address /fd01:0:0:0:e18a:fc6:a0e2:549d
2023-07-09T02:01:18.095+0700 [DEBUG] [org.gradle.internal.remote.internal.inet.InetAddresses] Adding remote address /fe80:0:0:0:25b1:de60:a92f:efb6%eth0
2023-07-09T02:01:18.095+0700 [DEBUG] [org.gradle.internal.remote.internal.inet.InetAddresses] Adding IP addresses for network interface TAP-Windows Adapter V9
2023-07-09T02:01:18.096+0700 [DEBUG] [org.gradle.internal.remote.internal.inet.InetAddresses] Is this a loopback interface? false
2023-07-09T02:01:18.096+0700 [DEBUG] [org.gradle.internal.remote.internal.inet.InetAddresses] Adding remote address /fe80:0:0:0:4ffa:a3:c29:809b%net5
2023-07-09T02:01:18.096+0700 [DEBUG] [org.gradle.internal.remote.internal.inet.InetAddresses] Adding IP addresses for network interface Microsoft Kernel Debug Network Adapter
2023-07-09T02:01:18.097+0700 [DEBUG] [org.gradle.internal.remote.internal.inet.InetAddresses] Is this a loopback interface? false
2023-07-09T02:01:18.097+0700 [DEBUG] [org.gradle.internal.remote.internal.inet.InetAddresses] Adding IP addresses for network interface Microsoft Wi-Fi Direct Virtual Adapter
2023-07-09T02:01:18.098+0700 [DEBUG] [org.gradle.internal.remote.internal.inet.InetAddresses] Is this a loopback interface? false
2023-07-09T02:01:18.098+0700 [DEBUG] [org.gradle.internal.remote.internal.inet.InetAddresses] Adding remote address /fe80:0:0:0:6d34:195b:137b:b064%wlan2
2023-07-09T02:01:18.099+0700 [DEBUG] [org.gradle.internal.remote.internal.inet.InetAddresses] Adding IP addresses for network interface Bluetooth Device (Personal Area Network)
2023-07-09T02:01:18.099+0700 [DEBUG] [org.gradle.internal.remote.internal.inet.InetAddresses] Is this a loopback interface? false
2023-07-09T02:01:18.099+0700 [DEBUG] [org.gradle.internal.remote.internal.inet.InetAddresses] Adding IP addresses for network interface TAP-Windows Adapter V9-WFP Native MAC Layer LightWeight Filter-0000
2023-07-09T02:01:18.100+0700 [DEBUG] [org.gradle.internal.remote.internal.inet.InetAddresses] Is this a loopback interface? false
2023-07-09T02:01:18.100+0700 [DEBUG] [org.gradle.internal.remote.internal.inet.InetAddresses] Adding IP addresses for network interface TAP-Windows Adapter V9-QoS Packet Scheduler-0000
2023-07-09T02:01:18.101+0700 [DEBUG] [org.gradle.internal.remote.internal.inet.InetAddresses] Is this a loopback interface? false
2023-07-09T02:01:18.101+0700 [DEBUG] [org.gradle.internal.remote.internal.inet.InetAddresses] Adding IP addresses for network interface TAP-Windows Adapter V9-WFP 802.3 MAC Layer LightWeight Filter-0000
2023-07-09T02:01:18.102+0700 [DEBUG] [org.gradle.internal.remote.internal.inet.InetAddresses] Is this a loopback interface? false
2023-07-09T02:01:18.103+0700 [DEBUG] [org.gradle.internal.remote.internal.inet.InetAddresses] Adding IP addresses for network interface Intel(R) Ethernet Controller (3) I225-V-WFP Native MAC Layer LightWeight Filter-0000
2023-07-09T02:01:18.103+0700 [DEBUG] [org.gradle.internal.remote.internal.inet.InetAddresses] Is this a loopback interface? false
2023-07-09T02:01:18.104+0700 [DEBUG] [org.gradle.internal.remote.internal.inet.InetAddresses] Adding IP addresses for network interface Intel(R) Ethernet Controller (3) I225-V-QoS Packet Scheduler-0000
2023-07-09T02:01:18.105+0700 [DEBUG] [org.gradle.internal.remote.internal.inet.InetAddresses] Is this a loopback interface? false
2023-07-09T02:01:18.105+0700 [DEBUG] [org.gradle.internal.remote.internal.inet.InetAddresses] Adding IP addresses for network interface Intel(R) Ethernet Controller (3) I225-V-WFP 802.3 MAC Layer LightWeight Filter-0000
2023-07-09T02:01:18.105+0700 [DEBUG] [org.gradle.internal.remote.internal.inet.InetAddresses] Is this a loopback interface? false
2023-07-09T02:01:18.106+0700 [DEBUG] [org.gradle.internal.remote.internal.inet.InetAddresses] Adding IP addresses for network interface Intel(R) Wi-Fi 6 AX201 160MHz-WFP Native MAC Layer LightWeight Filter-0000
2023-07-09T02:01:18.106+0700 [DEBUG] [org.gradle.internal.remote.internal.inet.InetAddresses] Is this a loopback interface? false
2023-07-09T02:01:18.106+0700 [DEBUG] [org.gradle.internal.remote.internal.inet.InetAddresses] Adding IP addresses for network interface Intel(R) Wi-Fi 6 AX201 160MHz-Virtual WiFi Filter Driver-0000
2023-07-09T02:01:18.107+0700 [DEBUG] [org.gradle.internal.remote.internal.inet.InetAddresses] Is this a loopback interface? false
2023-07-09T02:01:18.107+0700 [DEBUG] [org.gradle.internal.remote.internal.inet.InetAddresses] Adding IP addresses for network interface Intel(R) Wi-Fi 6 AX201 160MHz-Native WiFi Filter Driver-0000
2023-07-09T02:01:18.108+0700 [DEBUG] [org.gradle.internal.remote.internal.inet.InetAddresses] Is this a loopback interface? false
2023-07-09T02:01:18.108+0700 [DEBUG] [org.gradle.internal.remote.internal.inet.InetAddresses] Adding IP addresses for network interface Intel(R) Wi-Fi 6 AX201 160MHz-QoS Packet Scheduler-0000
2023-07-09T02:01:18.109+0700 [DEBUG] [org.gradle.internal.remote.internal.inet.InetAddresses] Is this a loopback interface? false
2023-07-09T02:01:18.109+0700 [DEBUG] [org.gradle.internal.remote.internal.inet.InetAddresses] Adding IP addresses for network interface Intel(R) Wi-Fi 6 AX201 160MHz-WFP 802.3 MAC Layer LightWeight Filter-0000
2023-07-09T02:01:18.110+0700 [DEBUG] [org.gradle.internal.remote.internal.inet.InetAddresses] Is this a loopback interface? false
2023-07-09T02:01:18.110+0700 [DEBUG] [org.gradle.internal.remote.internal.inet.InetAddresses] Adding IP addresses for network interface Microsoft Wi-Fi Direct Virtual Adapter-WFP Native MAC Layer LightWeight Filter-0000
2023-07-09T02:01:18.111+0700 [DEBUG] [org.gradle.internal.remote.internal.inet.InetAddresses] Is this a loopback interface? false
2023-07-09T02:01:18.111+0700 [DEBUG] [org.gradle.internal.remote.internal.inet.InetAddresses] Adding IP addresses for network interface Microsoft Wi-Fi Direct Virtual Adapter-Native WiFi Filter Driver-0000
2023-07-09T02:01:18.112+0700 [DEBUG] [org.gradle.internal.remote.internal.inet.InetAddresses] Is this a loopback interface? false
2023-07-09T02:01:18.112+0700 [DEBUG] [org.gradle.internal.remote.internal.inet.InetAddresses] Adding IP addresses for network interface Microsoft Wi-Fi Direct Virtual Adapter-QoS Packet Scheduler-0000
2023-07-09T02:01:18.113+0700 [DEBUG] [org.gradle.internal.remote.internal.inet.InetAddresses] Is this a loopback interface? false
2023-07-09T02:01:18.113+0700 [DEBUG] [org.gradle.internal.remote.internal.inet.InetAddresses] Adding IP addresses for network interface Microsoft Wi-Fi Direct Virtual Adapter-WFP 802.3 MAC Layer LightWeight Filter-0000
2023-07-09T02:01:18.114+0700 [DEBUG] [org.gradle.internal.remote.internal.inet.InetAddresses] Is this a loopback interface? false
2023-07-09T02:01:18.114+0700 [DEBUG] [org.gradle.internal.remote.internal.inet.InetAddresses] Adding IP addresses for network interface Microsoft Wi-Fi Direct Virtual Adapter #2-WFP Native MAC Layer LightWeight Filter-0000
2023-07-09T02:01:18.115+0700 [DEBUG] [org.gradle.internal.remote.internal.inet.InetAddresses] Is this a loopback interface? false
2023-07-09T02:01:18.115+0700 [DEBUG] [org.gradle.internal.remote.internal.inet.InetAddresses] Adding IP addresses for network interface Microsoft Wi-Fi Direct Virtual Adapter #2-Native WiFi Filter Driver-0000
2023-07-09T02:01:18.116+0700 [DEBUG] [org.gradle.internal.remote.internal.inet.InetAddresses] Is this a loopback interface? false
2023-07-09T02:01:18.116+0700 [DEBUG] [org.gradle.internal.remote.internal.inet.InetAddresses] Adding IP addresses for network interface Microsoft Wi-Fi Direct Virtual Adapter #2-QoS Packet Scheduler-0000
2023-07-09T02:01:18.117+0700 [DEBUG] [org.gradle.internal.remote.internal.inet.InetAddresses] Is this a loopback interface? false
2023-07-09T02:01:18.117+0700 [DEBUG] [org.gradle.internal.remote.internal.inet.InetAddresses] Adding IP addresses for network interface Microsoft Wi-Fi Direct Virtual Adapter #2-WFP 802.3 MAC Layer LightWeight Filter-0000
2023-07-09T02:01:18.118+0700 [DEBUG] [org.gradle.internal.remote.internal.inet.InetAddresses] Is this a loopback interface? false
2023-07-09T02:01:18.121+0700 [DEBUG] [org.gradle.internal.remote.internal.inet.TcpIncomingConnector] Listening on [fc553006-85bf-45d3-8dc0-6db9a7121b28 port:54739, addresses:[localhost/127.0.0.1]].
2023-07-09T02:01:18.124+0700 [DEBUG] [org.gradle.launcher.daemon.server.Daemon] Daemon starting at: Sun Jul 09 02:01:18 NOVT 2023, with address: [fc553006-85bf-45d3-8dc0-6db9a7121b28 port:54739, addresses:[localhost/127.0.0.1]]
2023-07-09T02:01:18.124+0700 [INFO] [org.gradle.launcher.daemon.server.DaemonRegistryUpdater] Advertising the daemon address to the clients: [fc553006-85bf-45d3-8dc0-6db9a7121b28 port:54739, addresses:[localhost/127.0.0.1]]
2023-07-09T02:01:18.124+0700 [DEBUG] [org.gradle.launcher.daemon.server.DaemonRegistryUpdater] Advertised daemon context: DefaultDaemonContext[uid=da7a460c-0bb3-465d-b760-4f2066ef506b,javaHome=C:\Program Files\Java\jdk-17,daemonRegistryDir=D:\Repos2\ttt-auto\gradle\daemon,pid=5736,idleTimeout=10800000,priority=NORMAL,applyInstrumentationAgent=true,daemonOpts=--add-opens=java.base/java.util=ALL-UNNAMED,--add-opens=java.base/java.lang=ALL-UNNAMED,--add-opens=java.base/java.lang.invoke=ALL-UNNAMED,--add-opens=java.prefs/java.util.prefs=ALL-UNNAMED,--add-opens=java.base/java.nio.charset=ALL-UNNAMED,--add-opens=java.base/java.net=ALL-UNNAMED,--add-opens=java.base/java.util.concurrent.atomic=ALL-UNNAMED,-XX:MaxMetaspaceSize=384m,-XX:+HeapDumpOnOutOfMemoryError,-Xms256m,-Xmx512m,-Dfile.encoding=windows-1252,-Duser.country=US,-Duser.language=en,-Duser.variant]
2023-07-09T02:01:18.124+0700 [DEBUG] [org.gradle.launcher.daemon.registry.PersistentDaemonRegistry] Storing daemon address: [fc553006-85bf-45d3-8dc0-6db9a7121b28 port:54739, addresses:[localhost/127.0.0.1]], context: DefaultDaemonContext[uid=da7a460c-0bb3-465d-b760-4f2066ef506b,javaHome=C:\Program Files\Java\jdk-17,daemonRegistryDir=D:\Repos2\ttt-auto\gradle\daemon,pid=5736,idleTimeout=10800000,priority=NORMAL,applyInstrumentationAgent=true,daemonOpts=--add-opens=java.base/java.util=ALL-UNNAMED,--add-opens=java.base/java.lang=ALL-UNNAMED,--add-opens=java.base/java.lang.invoke=ALL-UNNAMED,--add-opens=java.prefs/java.util.prefs=ALL-UNNAMED,--add-opens=java.base/java.nio.charset=ALL-UNNAMED,--add-opens=java.base/java.net=ALL-UNNAMED,--add-opens=java.base/java.util.concurrent.atomic=ALL-UNNAMED,-XX:MaxMetaspaceSize=384m,-XX:+HeapDumpOnOutOfMemoryError,-Xms256m,-Xmx512m,-Dfile.encoding=windows-1252,-Duser.country=US,-Duser.language=en,-Duser.variant]
2023-07-09T02:01:18.128+0700 [DEBUG] [org.gradle.cache.internal.DefaultFileLockManager] Waiting to acquire exclusive lock on daemon addresses registry.
2023-07-09T02:01:18.129+0700 [DEBUG] [org.gradle.cache.internal.DefaultFileLockManager] Lock acquired on daemon addresses registry.
2023-07-09T02:01:18.131+0700 [DEBUG] [org.gradle.cache.internal.DefaultFileLockManager] Releasing lock on daemon addresses registry.
2023-07-09T02:01:18.131+0700 [LIFECYCLE] [org.gradle.launcher.daemon.server.Daemon] Daemon server started.
2023-07-09T02:01:18.132+0700 [DEBUG] [org.gradle.launcher.daemon.bootstrap.DaemonStartupCommunication] Completed writing the daemon greeting. Closing streams...
2023-07-09T02:01:18.133+0700 [DEBUG] [org.gradle.launcher.daemon.server.Daemon] stopOnExpiration() called on daemon
2023-07-09T02:01:18.134+0700 [DEBUG] [org.gradle.internal.remote.internal.inet.TcpIncomingConnector] Accepted connection from /127.0.0.1:54740 to /127.0.0.1:54739.
2023-07-09T02:01:18.134+0700 [DEBUG] [org.gradle.launcher.daemon.server.Daemon] awaitExpiration() called on daemon
2023-07-09T02:01:18.134+0700 [DEBUG] [org.gradle.launcher.daemon.server.DaemonStateCoordinator] daemon is running. Sleeping until state changes.
2023-07-09T02:01:18.159+0700 [DEBUG] [org.gradle.launcher.daemon.server.SynchronizedDispatchConnection] thread 33: received class org.gradle.launcher.daemon.protocol.Build
2023-07-09T02:01:18.159+0700 [DEBUG] [org.gradle.launcher.daemon.server.DefaultDaemonConnection] thread 33: Received non-IO message from client: Build{id=a8e1bb04-2e79-44e7-a882-08410444ba3c, currentDir=D:\Repos2\ttt-auto}
2023-07-09T02:01:18.159+0700 [INFO] [org.gradle.launcher.daemon.server.DefaultIncomingConnectionHandler] Received command: Build{id=a8e1bb04-2e79-44e7-a882-08410444ba3c, currentDir=D:\Repos2\ttt-auto}.
2023-07-09T02:01:18.159+0700 [DEBUG] [org.gradle.launcher.daemon.server.DefaultIncomingConnectionHandler] Starting executing command: Build{id=a8e1bb04-2e79-44e7-a882-08410444ba3c, currentDir=D:\Repos2\ttt-auto} with connection: socket connection from /127.0.0.1:54739 to /127.0.0.1:54740.
2023-07-09T02:01:18.160+0700 [DEBUG] [org.gradle.launcher.daemon.server.DaemonStateCoordinator] Command execution: started DaemonCommandExecution[command = Build{id=a8e1bb04-2e79-44e7-a882-08410444ba3c, currentDir=D:\Repos2\ttt-auto}, connection = DefaultDaemonConnection: socket connection from /127.0.0.1:54739 to /127.0.0.1:54740] after 0.0 minutes of idle
2023-07-09T02:01:18.160+0700 [INFO] [org.gradle.launcher.daemon.server.DaemonRegistryUpdater] Marking the daemon as busy, address: [fc553006-85bf-45d3-8dc0-6db9a7121b28 port:54739, addresses:[localhost/127.0.0.1]]
2023-07-09T02:01:18.160+0700 [DEBUG] [org.gradle.launcher.daemon.registry.PersistentDaemonRegistry] Marking busy by address: [fc553006-85bf-45d3-8dc0-6db9a7121b28 port:54739, addresses:[localhost/127.0.0.1]]
2023-07-09T02:01:18.160+0700 [DEBUG] [org.gradle.cache.internal.DefaultFileLockManager] Waiting to acquire exclusive lock on daemon addresses registry.
2023-07-09T02:01:18.161+0700 [DEBUG] [org.gradle.cache.internal.DefaultFileLockManager] Lock acquired on daemon addresses registry.
2023-07-09T02:01:18.161+0700 [DEBUG] [org.gradle.cache.internal.DefaultFileLockManager] Releasing lock on daemon addresses registry.
2023-07-09T02:01:18.161+0700 [DEBUG] [org.gradle.launcher.daemon.server.DaemonStateCoordinator] resetting idle timer
2023-07-09T02:01:18.161+0700 [DEBUG] [org.gradle.launcher.daemon.server.DaemonStateCoordinator] daemon is running. Sleeping until state changes.
2023-07-09T02:01:18.161+0700 [INFO] [org.gradle.launcher.daemon.server.exec.StartBuildOrRespondWithBusy] Daemon is about to start building Build{id=a8e1bb04-2e79-44e7-a882-08410444ba3c, currentDir=D:\Repos2\ttt-auto}. Dispatching build started information...
2023-07-09T02:01:18.161+0700 [DEBUG] [org.gradle.launcher.daemon.server.SynchronizedDispatchConnection] thread 35: dispatching org.gradle.launcher.daemon.protocol.BuildStarted@1fec0ff1
2023-07-09T02:01:18.162+0700 [DEBUG] [org.gradle.launcher.daemon.server.exec.EstablishBuildEnvironment] Configuring env variables: [USERDOMAIN_ROAMINGPROFILE, PROCESSOR_LEVEL, SESSIONNAME, ALLUSERSPROFILE, PROCESSOR_ARCHITECTURE, PSModulePath, SystemDrive, ACSvcPort, USERNAME, ProgramFiles(x86), ACSetupSvcPort, PATHEXT, DriverData, OneDriveConsumer, IntelliJ IDEA Community Edition, PyCharm Community Edition, ProgramData, ProgramW6432, HOMEPATH, PROCESSOR_IDENTIFIER, ProgramFiles, PUBLIC, windir, =::, LOCALAPPDATA, USERDOMAIN, LOGONSERVER, JAVA_HOME, RlsSvcPort, GRADLE_HOME, EFC_5356, OneDrive, APPDATA, CommonProgramFiles, Path, OS, COMPUTERNAME, PROCESSOR_REVISION, CommonProgramW6432, ComSpec, TEMP, SystemRoot, HOMEDRIVE, USERPROFILE, TMP, CommonProgramFiles(x86), NUMBER_OF_PROCESSORS, IDEA_INITIAL_DIRECTORY]
2023-07-09T02:01:18.164+0700 [DEBUG] [org.gradle.launcher.daemon.server.exec.LogToClient] About to start relaying all logs to the client via the connection.
2023-07-09T02:01:18.164+0700 [INFO] [org.gradle.launcher.daemon.server.exec.LogToClient] The client will now receive all logging from the daemon (pid: 5736). The daemon log file: D:\Repos2\ttt-auto\gradle\daemon\8.2\daemon-5736.out.log
2023-07-09T02:01:18.164+0700 [INFO] [org.gradle.launcher.daemon.server.exec.LogAndCheckHealth] Starting build in new daemon [memory: 512 MiB]
2023-07-09T02:01:18.165+0700 [DEBUG] [org.gradle.launcher.daemon.server.exec.ExecuteBuild] The daemon has started executing the build.
2023-07-09T02:01:18.165+0700 [DEBUG] [org.gradle.launcher.daemon.server.exec.ExecuteBuild] Executing build with daemon context: DefaultDaemonContext[uid=da7a460c-0bb3-465d-b760-4f2066ef506b,javaHome=C:\Program Files\Java\jdk-17,daemonRegistryDir=D:\Repos2\ttt-auto\gradle\daemon,pid=5736,idleTimeout=10800000,priority=NORMAL,applyInstrumentationAgent=true,daemonOpts=--add-opens=java.base/java.util=ALL-UNNAMED,--add-opens=java.base/java.lang=ALL-UNNAMED,--add-opens=java.base/java.lang.invoke=ALL-UNNAMED,--add-opens=java.prefs/java.util.prefs=ALL-UNNAMED,--add-opens=java.base/java.nio.charset=ALL-UNNAMED,--add-opens=java.base/java.net=ALL-UNNAMED,--add-opens=java.base/java.util.concurrent.atomic=ALL-UNNAMED,-XX:MaxMetaspaceSize=384m,-XX:+HeapDumpOnOutOfMemoryError,-Xms256m,-Xmx512m,-Dfile.encoding=windows-1252,-Duser.country=US,-Duser.language=en,-Duser.variant]
<ijLog><event type='reportLocation' testReport='D:\Repos2\ttt-auto\build\reports\tests\test\index.html' /></ijLog>
<ijLog><event type='beforeSuite'><ijLogEol/>  <test id=':test' parentId=''><ijLogEol/>    <descriptor name='Gradle Test Run :test' displayName='Gradle Test Run :test' className='' /><ijLogEol/>  </test><ijLogEol/></event></ijLog>
<ijLog><event type='beforeSuite'><ijLogEol/>  <test id='1.1' parentId=':test'><ijLogEol/>    <descriptor name='Gradle Test Executor 1' displayName='Gradle Test Executor 1' className='' /><ijLogEol/>  </test><ijLogEol/></event></ijLog>
<ijLog><event type='onOutput'><ijLogEol/>  <test id='1.1' parentId=':test'><ijLogEol/>    <descriptor name='Gradle Test Executor 1' displayName='Gradle Test Executor 1' className='' /><ijLogEol/>    <event destination='StdErr'><![CDATA[U0xGNEo6IE5vIFNMRjRKIHByb3ZpZGVycyB3ZXJlIGZvdW5kLg0K]]></event><ijLogEol/>  </test><ijLogEol/></event></ijLog>
<ijLog><event type='onOutput'><ijLogEol/>  <test id='1.1' parentId=':test'><ijLogEol/>    <descriptor name='Gradle Test Executor 1' displayName='Gradle Test Executor 1' className='' /><ijLogEol/>    <event destination='StdErr'><![CDATA[U0xGNEo6IERlZmF1bHRpbmcgdG8gbm8tb3BlcmF0aW9uIChOT1ApIGxvZ2dlciBpbXBsZW1lbnRhdGlvbg0K]]></event><ijLogEol/>  </test><ijLogEol/></event></ijLog>
<ijLog><event type='onOutput'><ijLogEol/>  <test id='1.1' parentId=':test'><ijLogEol/>    <descriptor name='Gradle Test Executor 1' displayName='Gradle Test Executor 1' className='' /><ijLogEol/>    <event destination='StdErr'><![CDATA[U0xGNEo6IFNlZSBodHRwczovL3d3dy5zbGY0ai5vcmcvY29kZXMuaHRtbCNub1Byb3ZpZGVycyBmb3IgZnVydGhlciBkZXRhaWxzLg0K]]></event><ijLogEol/>  </test><ijLogEol/></event></ijLog>
<ijLog><event type='onOutput'><ijLogEol/>  <test id='1.1' parentId=':test'><ijLogEol/>    <descriptor name='Gradle Test Executor 1' displayName='Gradle Test Executor 1' className='' /><ijLogEol/>    <event destination='StdErr'><![CDATA[U0xGNEo6IENsYXNzIHBhdGggY29udGFpbnMgU0xGNEogYmluZGluZ3MgdGFyZ2V0aW5nIHNsZjRqLWFwaSB2ZXJzaW9ucyAxLjcueCBvciBlYXJsaWVyLg0K]]></event><ijLogEol/>  </test><ijLogEol/></event></ijLog>
<ijLog><event type='onOutput'><ijLogEol/>  <test id='1.1' parentId=':test'><ijLogEol/>    <descriptor name='Gradle Test Executor 1' displayName='Gradle Test Executor 1' className='' /><ijLogEol/>    <event destination='StdErr'><![CDATA[U0xGNEo6IElnbm9yaW5nIGJpbmRpbmcgZm91bmQgYXQgW2phcjpmaWxlOi9EOi9SZXBvczIvdHR0LWF1dG8vZ3JhZGxlL2NhY2hlcy9tb2R1bGVzLTIvZmlsZXMtMi4xL29yZy5zbGY0ai9zbGY0ai1zaW1wbGUvMS43LjMwL2U2MDZlYWM5NTVmNTVlY2YxZDhlZGNjY2JhMDRlYjhhYzk4MDg4ZGQvc2xmNGotc2ltcGxlLTEuNy4zMC5qYXIhL29yZy9zbGY0ai9pbXBsL1N0YXRpY0xvZ2dlckJpbmRlci5jbGFzc10NCg==]]></event><ijLogEol/>  </test><ijLogEol/></event></ijLog>
<ijLog><event type='onOutput'><ijLogEol/>  <test id='1.1' parentId=':test'><ijLogEol/>    <descriptor name='Gradle Test Executor 1' displayName='Gradle Test Executor 1' className='' /><ijLogEol/>    <event destination='StdErr'><![CDATA[U0xGNEo6IFNlZSBodHRwczovL3d3dy5zbGY0ai5vcmcvY29kZXMuaHRtbCNpZ25vcmVkQmluZGluZ3MgZm9yIGFuIGV4cGxhbmF0aW9uLg0K]]></event><ijLogEol/>  </test><ijLogEol/></event></ijLog>
<ijLog><event type='beforeSuite'><ijLogEol/>  <test id='1.2' parentId='1.1'><ijLogEol/>    <descriptor name='tests.ttt.Login.LoginTest' displayName='LoginTest' className='tests.ttt.Login.LoginTest' /><ijLogEol/>  </test><ijLogEol/></event></ijLog>
<ijLog><event type='beforeTest'><ijLogEol/>  <test id='1.3' parentId='1.2'><ijLogEol/>    <descriptor name='login_positive()' displayName='Login: with valid credentials' className='tests.ttt.Login.LoginTest' /><ijLogEol/>  </test><ijLogEol/></event></ijLog>
<ijLog><event type='onOutput'><ijLogEol/>  <test id='1.3' parentId='1.2'><ijLogEol/>    <descriptor name='login_positive()' displayName='Login: with valid credentials' className='tests.ttt.Login.LoginTest' /><ijLogEol/>    <event destination='StdErr'><![CDATA[SnVsIDA5LCAyMDIzIDI6MDE6MjIgQU0gb3JnLm9wZW5xYS5zZWxlbml1bS5yZW1vdGUuc2VydmljZS5Ecml2ZXJTZXJ2aWNlJEJ1aWxkZXIgZ2V0TG9nT3V0cHV0DQo=]]></event><ijLogEol/>  </test><ijLogEol/></event></ijLog>
<ijLog><event type='onOutput'><ijLogEol/>  <test id='1.3' parentId='1.2'><ijLogEol/>    <descriptor name='login_positive()' displayName='Login: with valid credentials' className='tests.ttt.Login.LoginTest' /><ijLogEol/>    <event destination='StdErr'><![CDATA[SU5GTzogRHJpdmVyIGxvZ3Mgbm8gbG9uZ2VyIHNlbnQgdG8gY29uc29sZSBieSBkZWZhdWx0OyBodHRwczovL3d3dy5zZWxlbml1bS5kZXYvZG9jdW1lbnRhdGlvbi93ZWJkcml2ZXIvZHJpdmVycy9zZXJ2aWNlLyNzZXR0aW5nLWxvZy1vdXRwdXQNCg==]]></event><ijLogEol/>  </test><ijLogEol/></event></ijLog>
<ijLog><event type='afterTest'><ijLogEol/>  <test id='1.3' parentId='1.2'><ijLogEol/>    <descriptor name='login_positive()' displayName='Login: with valid credentials' className='tests.ttt.Login.LoginTest' /><ijLogEol/>    <result resultType='SUCCESS' startTime='1688842881939' endTime='1688842885582'><ijLogEol/>      <failureType>error</failureType><ijLogEol/>    </result><ijLogEol/>  </test><ijLogEol/></event></ijLog>
<ijLog><event type='afterSuite'><ijLogEol/>  <test id='1.2' parentId='1.1'><ijLogEol/>    <descriptor name='tests.ttt.Login.LoginTest' displayName='LoginTest' className='tests.ttt.Login.LoginTest' /><ijLogEol/>    <result resultType='SUCCESS' startTime='1688842881881' endTime='1688842885585'><ijLogEol/>      <failureType>error</failureType><ijLogEol/>    </result><ijLogEol/>  </test><ijLogEol/></event></ijLog>
<ijLog><event type='afterSuite'><ijLogEol/>  <test id='1.1' parentId=':test'><ijLogEol/>    <descriptor name='Gradle Test Executor 1' displayName='Gradle Test Executor 1' className='' /><ijLogEol/>    <result resultType='SUCCESS' startTime='1688842881225' endTime='1688842885586'><ijLogEol/>      <failureType>error</failureType><ijLogEol/>    </result><ijLogEol/>  </test><ijLogEol/></event></ijLog>
<ijLog><event type='afterSuite'><ijLogEol/>  <test id=':test' parentId=''><ijLogEol/>    <descriptor name='Gradle Test Run :test' displayName='Gradle Test Run :test' className='' /><ijLogEol/>    <result resultType='SUCCESS' startTime='1688842880839' endTime='1688842886692'><ijLogEol/>      <failureType>error</failureType><ijLogEol/>    </result><ijLogEol/>  </test><ijLogEol/></event></ijLog>

Deprecated Gradle features were used in this build, making it incompatible with Gradle 9.0.

You can use '--warning-mode all' to show the individual deprecation warnings and determine if they come from your own scripts or plugins.

For more on this, please refer to https://docs.gradle.org/8.2/userguide/command_line_interface.html#sec:command_line_warnings in the Gradle documentation.

BUILD SUCCESSFUL in 9s
2 actionable tasks: 2 executed
2023-07-09T02:01:26.735+0700 [DEBUG] [org.gradle.launcher.daemon.server.exec.ExecuteBuild] The daemon has finished executing the build.
2023-07-09T02:01:26.752+0700 [DEBUG] [org.gradle.launcher.daemon.server.DaemonStateCoordinator] daemon is running. Sleeping until state changes.
2023-07-09T02:01:26.752+0700 [DEBUG] [org.gradle.launcher.daemon.server.DaemonStateCoordinator] Command execution: finished waiting for DaemonCommandExecution[command = Build{id=a8e1bb04-2e79-44e7-a882-08410444ba3c, currentDir=D:\Repos2\ttt-auto}, connection = DefaultDaemonConnection: socket connection from /127.0.0.1:54739 to /127.0.0.1:54740]. Result org.gradle.launcher.daemon.server.DaemonStateCoordinator@5ce0de78 with state Busy
2023-07-09T02:01:26.752+0700 [DEBUG] [org.gradle.launcher.daemon.server.DaemonStateCoordinator] Command execution: completed DaemonCommandExecution[command = Build{id=a8e1bb04-2e79-44e7-a882-08410444ba3c, currentDir=D:\Repos2\ttt-auto}, connection = DefaultDaemonConnection: socket connection from /127.0.0.1:54739 to /127.0.0.1:54740]
2023-07-09T02:01:26.752+0700 [DEBUG] [org.gradle.launcher.daemon.server.DaemonStateCoordinator] resetting idle timer
2023-07-09T02:01:26.752+0700 [INFO] [org.gradle.launcher.daemon.server.DaemonRegistryUpdater] Marking the daemon as idle, address: [fc553006-85bf-45d3-8dc0-6db9a7121b28 port:54739, addresses:[localhost/127.0.0.1]]
2023-07-09T02:01:26.752+0700 [DEBUG] [org.gradle.launcher.daemon.registry.PersistentDaemonRegistry] Marking busy by address: [fc553006-85bf-45d3-8dc0-6db9a7121b28 port:54739, addresses:[localhost/127.0.0.1]]
2023-07-09T02:01:26.752+0700 [DEBUG] [org.gradle.cache.internal.DefaultFileLockManager] Waiting to acquire exclusive lock on daemon addresses registry.
2023-07-09T02:01:26.752+0700 [DEBUG] [org.gradle.cache.internal.DefaultFileLockManager] Lock acquired on daemon addresses registry.
2023-07-09T02:01:26.753+0700 [DEBUG] [org.gradle.cache.internal.DefaultFileLockManager] Releasing lock on daemon addresses registry.
2023-07-09T02:01:26.753+0700 [DEBUG] [org.gradle.launcher.daemon.server.DaemonStateCoordinator] daemon is running. Sleeping until state changes.
2023-07-09T02:01:26.753+0700 [DEBUG] [org.gradle.launcher.daemon.server.exec.ReturnResult] Daemon is dispatching the build result: Success[value=org.gradle.launcher.exec.BuildActionResult@4daf277f]
2023-07-09T02:01:26.753+0700 [DEBUG] [org.gradle.launcher.daemon.server.SynchronizedDispatchConnection] thread 32: dispatching Success[value=org.gradle.launcher.exec.BuildActionResult@4daf277f]
2023-07-09T02:01:26.753+0700 [DEBUG] [org.gradle.launcher.daemon.server.DefaultIncomingConnectionHandler] Finishing executing command: Build{id=a8e1bb04-2e79-44e7-a882-08410444ba3c, currentDir=D:\Repos2\ttt-auto}
2023-07-09T02:01:26.753+0700 [DEBUG] [org.gradle.launcher.daemon.server.SynchronizedDispatchConnection] thread 33: received class org.gradle.launcher.daemon.protocol.CloseInput
2023-07-09T02:01:26.753+0700 [DEBUG] [org.gradle.launcher.daemon.server.DefaultDaemonConnection] thread 33: Received IO message from client: org.gradle.launcher.daemon.protocol.CloseInput@4ebdec1b
2023-07-09T02:01:26.753+0700 [DEBUG] [org.gradle.launcher.daemon.server.SynchronizedDispatchConnection] thread 33: received class org.gradle.launcher.daemon.protocol.Finished
2023-07-09T02:01:26.753+0700 [DEBUG] [org.gradle.launcher.daemon.server.DefaultDaemonConnection] thread 33: Received non-IO message from client: org.gradle.launcher.daemon.protocol.Finished@557c9c97
2023-07-09T02:01:26.754+0700 [DEBUG] [org.gradle.launcher.daemon.server.DefaultIncomingConnectionHandler] Received finished message: org.gradle.launcher.daemon.protocol.Finished@557c9c97
2023-07-09T02:01:26.754+0700 [DEBUG] [org.gradle.launcher.daemon.server.SynchronizedDispatchConnection] thread 32: stopping connection
2023-07-09T02:01:26.754+0700 [DEBUG] [org.gradle.internal.remote.internal.inet.SocketConnection] Discarding EOFException: java.io.EOFException
2023-07-09T02:01:26.754+0700 [DEBUG] [org.gradle.launcher.daemon.server.SynchronizedDispatchConnection] thread 33: received null
2023-07-09T02:01:26.754+0700 [DEBUG] [org.gradle.launcher.daemon.server.DefaultDaemonConnection] thread 33: Received end-of-input from client.
2023-07-09T02:01:26.754+0700 [DEBUG] [org.gradle.launcher.daemon.server.SynchronizedDispatchConnection] thread 32: stopping connection
2023-07-09T02:01:28.139+0700 [DEBUG] [org.gradle.cache.internal.DefaultFileLockManager] Waiting to acquire shared lock on daemon addresses registry.
2023-07-09T02:01:28.139+0700 [DEBUG] [org.gradle.cache.internal.DefaultFileLockManager] Lock acquired on daemon addresses registry.
2023-07-09T02:01:28.140+0700 [DEBUG] [org.gradle.cache.internal.DefaultFileLockManager] Releasing lock on daemon addresses registry.
2023-07-09T02:01:28.143+0700 [DEBUG] [org.gradle.cache.internal.DefaultFileLockManager] Waiting to acquire shared lock on daemon addresses registry.
2023-07-09T02:01:28.143+0700 [DEBUG] [org.gradle.cache.internal.DefaultFileLockManager] Lock acquired on daemon addresses registry.
2023-07-09T02:01:28.143+0700 [DEBUG] [org.gradle.cache.internal.DefaultFileLockManager] Releasing lock on daemon addresses registry.
2023-07-09T02:01:38.143+0700 [DEBUG] [org.gradle.cache.internal.DefaultFileLockManager] Waiting to acquire shared lock on daemon addresses registry.
2023-07-09T02:01:38.143+0700 [DEBUG] [org.gradle.cache.internal.DefaultFileLockManager] Lock acquired on daemon addresses registry.
2023-07-09T02:01:38.144+0700 [DEBUG] [org.gradle.cache.internal.DefaultFileLockManager] Releasing lock on daemon addresses registry.
2023-07-09T02:01:38.146+0700 [DEBUG] [org.gradle.cache.internal.DefaultFileLockManager] Waiting to acquire shared lock on daemon addresses registry.
2023-07-09T02:01:38.147+0700 [DEBUG] [org.gradle.cache.internal.DefaultFileLockManager] Lock acquired on daemon addresses registry.
2023-07-09T02:01:38.147+0700 [DEBUG] [org.gradle.cache.internal.DefaultFileLockManager] Releasing lock on daemon addresses registry.
2023-07-09T02:01:38.149+0700 [DEBUG] [org.gradle.cache.internal.DefaultFileLockManager] Waiting to acquire shared lock on daemon addresses registry.
2023-07-09T02:01:38.149+0700 [DEBUG] [org.gradle.cache.internal.DefaultFileLockManager] Lock acquired on daemon addresses registry.
2023-07-09T02:01:38.149+0700 [DEBUG] [org.gradle.cache.internal.DefaultFileLockManager] Releasing lock on daemon addresses registry.
2023-07-09T02:01:48.137+0700 [DEBUG] [org.gradle.cache.internal.DefaultFileLockManager] Waiting to acquire shared lock on daemon addresses registry.
2023-07-09T02:01:48.138+0700 [DEBUG] [org.gradle.cache.internal.DefaultFileLockManager] Lock acquired on daemon addresses registry.
2023-07-09T02:01:48.138+0700 [DEBUG] [org.gradle.cache.internal.DefaultFileLockManager] Releasing lock on daemon addresses registry.
2023-07-09T02:01:48.140+0700 [DEBUG] [org.gradle.cache.internal.DefaultFileLockManager] Waiting to acquire shared lock on daemon addresses registry.
2023-07-09T02:01:48.141+0700 [DEBUG] [org.gradle.cache.internal.DefaultFileLockManager] Lock acquired on daemon addresses registry.
2023-07-09T02:01:48.142+0700 [DEBUG] [org.gradle.cache.internal.DefaultFileLockManager] Releasing lock on daemon addresses registry.
2023-07-09T02:01:48.143+0700 [DEBUG] [org.gradle.cache.internal.DefaultFileLockManager] Waiting to acquire shared lock on daemon addresses registry.
2023-07-09T02:01:48.144+0700 [DEBUG] [org.gradle.cache.internal.DefaultFileLockManager] Lock acquired on daemon addresses registry.
2023-07-09T02:01:48.144+0700 [DEBUG] [org.gradle.cache.internal.DefaultFileLockManager] Releasing lock on daemon addresses registry.
2023-07-09T02:01:58.148+0700 [DEBUG] [org.gradle.cache.internal.DefaultFileLockManager] Waiting to acquire shared lock on daemon addresses registry.
2023-07-09T02:01:58.148+0700 [DEBUG] [org.gradle.cache.internal.DefaultFileLockManager] Lock acquired on daemon addresses registry.
2023-07-09T02:01:58.148+0700 [DEBUG] [org.gradle.cache.internal.DefaultFileLockManager] Releasing lock on daemon addresses registry.
2023-07-09T02:01:58.149+0700 [DEBUG] [org.gradle.cache.internal.DefaultFileLockManager] Waiting to acquire shared lock on daemon addresses registry.
2023-07-09T02:01:58.149+0700 [DEBUG] [org.gradle.cache.internal.DefaultFileLockManager] Lock acquired on daemon addresses registry.
2023-07-09T02:01:58.149+0700 [DEBUG] [org.gradle.cache.internal.DefaultFileLockManager] Releasing lock on daemon addresses registry.
2023-07-09T02:01:58.149+0700 [DEBUG] [org.gradle.cache.internal.DefaultFileLockManager] Waiting to acquire shared lock on daemon addresses registry.
2023-07-09T02:01:58.150+0700 [DEBUG] [org.gradle.cache.internal.DefaultFileLockManager] Lock acquired on daemon addresses registry.
2023-07-09T02:01:58.150+0700 [DEBUG] [org.gradle.cache.internal.DefaultFileLockManager] Releasing lock on daemon addresses registry.
2023-07-09T02:02:08.139+0700 [DEBUG] [org.gradle.cache.internal.DefaultFileLockManager] Waiting to acquire shared lock on daemon addresses registry.
2023-07-09T02:02:08.139+0700 [DEBUG] [org.gradle.cache.internal.DefaultFileLockManager] Lock acquired on daemon addresses registry.
2023-07-09T02:02:08.139+0700 [DEBUG] [org.gradle.cache.internal.DefaultFileLockManager] Releasing lock on daemon addresses registry.
2023-07-09T02:02:08.140+0700 [DEBUG] [org.gradle.cache.internal.DefaultFileLockManager] Waiting to acquire shared lock on daemon addresses registry.
2023-07-09T02:02:08.140+0700 [DEBUG] [org.gradle.cache.internal.DefaultFileLockManager] Lock acquired on daemon addresses registry.
2023-07-09T02:02:08.140+0700 [DEBUG] [org.gradle.cache.internal.DefaultFileLockManager] Releasing lock on daemon addresses registry.
2023-07-09T02:02:08.140+0700 [DEBUG] [org.gradle.cache.internal.DefaultFileLockManager] Waiting to acquire shared lock on daemon addresses registry.
2023-07-09T02:02:08.140+0700 [DEBUG] [org.gradle.cache.internal.DefaultFileLockManager] Lock acquired on daemon addresses registry.
2023-07-09T02:02:08.140+0700 [DEBUG] [org.gradle.cache.internal.DefaultFileLockManager] Releasing lock on daemon addresses registry.
2023-07-09T02:02:18.148+0700 [DEBUG] [org.gradle.cache.internal.DefaultFileLockManager] Waiting to acquire shared lock on daemon addresses registry.
2023-07-09T02:02:18.149+0700 [DEBUG] [org.gradle.cache.internal.DefaultFileLockManager] Lock acquired on daemon addresses registry.
2023-07-09T02:02:18.149+0700 [DEBUG] [org.gradle.cache.internal.DefaultFileLockManager] Releasing lock on daemon addresses registry.
2023-07-09T02:02:18.151+0700 [DEBUG] [org.gradle.cache.internal.DefaultFileLockManager] Waiting to acquire shared lock on daemon addresses registry.
2023-07-09T02:02:18.151+0700 [DEBUG] [org.gradle.cache.internal.DefaultFileLockManager] Lock acquired on daemon addresses registry.
2023-07-09T02:02:18.152+0700 [DEBUG] [org.gradle.cache.internal.DefaultFileLockManager] Releasing lock on daemon addresses registry.
2023-07-09T02:02:18.152+0700 [DEBUG] [org.gradle.cache.internal.DefaultFileLockManager] Waiting to acquire shared lock on daemon addresses registry.
2023-07-09T02:02:18.153+0700 [DEBUG] [org.gradle.cache.internal.DefaultFileLockManager] Lock acquired on daemon addresses registry.
2023-07-09T02:02:18.153+0700 [DEBUG] [org.gradle.cache.internal.DefaultFileLockManager] Releasing lock on daemon addresses registry.
2023-07-09T02:02:28.143+0700 [DEBUG] [org.gradle.cache.internal.DefaultFileLockManager] Waiting to acquire shared lock on daemon addresses registry.
2023-07-09T02:02:28.144+0700 [DEBUG] [org.gradle.cache.internal.DefaultFileLockManager] Lock acquired on daemon addresses registry.
2023-07-09T02:02:28.144+0700 [DEBUG] [org.gradle.cache.internal.DefaultFileLockManager] Releasing lock on daemon addresses registry.
2023-07-09T02:02:28.147+0700 [DEBUG] [org.gradle.cache.internal.DefaultFileLockManager] Waiting to acquire shared lock on daemon addresses registry.
2023-07-09T02:02:28.147+0700 [DEBUG] [org.gradle.cache.internal.DefaultFileLockManager] Lock acquired on daemon addresses registry.
2023-07-09T02:02:28.148+0700 [DEBUG] [org.gradle.cache.internal.DefaultFileLockManager] Releasing lock on daemon addresses registry.
2023-07-09T02:02:28.149+0700 [DEBUG] [org.gradle.cache.internal.DefaultFileLockManager] Waiting to acquire shared lock on daemon addresses registry.
2023-07-09T02:02:28.150+0700 [DEBUG] [org.gradle.cache.internal.DefaultFileLockManager] Lock acquired on daemon addresses registry.
2023-07-09T02:02:28.150+0700 [DEBUG] [org.gradle.cache.internal.DefaultFileLockManager] Releasing lock on daemon addresses registry.
2023-07-09T02:02:38.148+0700 [DEBUG] [org.gradle.cache.internal.DefaultFileLockManager] Waiting to acquire shared lock on daemon addresses registry.
2023-07-09T02:02:38.149+0700 [DEBUG] [org.gradle.cache.internal.DefaultFileLockManager] Lock acquired on daemon addresses registry.
2023-07-09T02:02:38.149+0700 [DEBUG] [org.gradle.cache.internal.DefaultFileLockManager] Releasing lock on daemon addresses registry.
2023-07-09T02:02:38.150+0700 [DEBUG] [org.gradle.cache.internal.DefaultFileLockManager] Waiting to acquire shared lock on daemon addresses registry.
2023-07-09T02:02:38.150+0700 [DEBUG] [org.gradle.cache.internal.DefaultFileLockManager] Lock acquired on daemon addresses registry.
2023-07-09T02:02:38.150+0700 [DEBUG] [org.gradle.cache.internal.DefaultFileLockManager] Releasing lock on daemon addresses registry.
2023-07-09T02:02:38.150+0700 [DEBUG] [org.gradle.cache.internal.DefaultFileLockManager] Waiting to acquire shared lock on daemon addresses registry.
2023-07-09T02:02:38.151+0700 [DEBUG] [org.gradle.cache.internal.DefaultFileLockManager] Lock acquired on daemon addresses registry.
2023-07-09T02:02:38.151+0700 [DEBUG] [org.gradle.cache.internal.DefaultFileLockManager] Releasing lock on daemon addresses registry.
2023-07-09T02:02:48.147+0700 [DEBUG] [org.gradle.cache.internal.DefaultFileLockManager] Waiting to acquire shared lock on daemon addresses registry.
2023-07-09T02:02:48.147+0700 [DEBUG] [org.gradle.cache.internal.DefaultFileLockManager] Lock acquired on daemon addresses registry.
2023-07-09T02:02:48.148+0700 [DEBUG] [org.gradle.cache.internal.DefaultFileLockManager] Releasing lock on daemon addresses registry.
2023-07-09T02:02:48.149+0700 [DEBUG] [org.gradle.cache.internal.DefaultFileLockManager] Waiting to acquire shared lock on daemon addresses registry.
2023-07-09T02:02:48.150+0700 [DEBUG] [org.gradle.cache.internal.DefaultFileLockManager] Lock acquired on daemon addresses registry.
2023-07-09T02:02:48.150+0700 [DEBUG] [org.gradle.cache.internal.DefaultFileLockManager] Releasing lock on daemon addresses registry.
2023-07-09T02:02:48.151+0700 [DEBUG] [org.gradle.cache.internal.DefaultFileLockManager] Waiting to acquire shared lock on daemon addresses registry.
2023-07-09T02:02:48.151+0700 [DEBUG] [org.gradle.cache.internal.DefaultFileLockManager] Lock acquired on daemon addresses registry.
2023-07-09T02:02:48.151+0700 [DEBUG] [org.gradle.cache.internal.DefaultFileLockManager] Releasing lock on daemon addresses registry.
2023-07-09T02:02:52.249+0700 [DEBUG] [org.gradle.internal.remote.internal.inet.TcpIncomingConnector] Accepted connection from /127.0.0.1:54865 to /127.0.0.1:54739.
2023-07-09T02:02:52.252+0700 [DEBUG] [org.gradle.launcher.daemon.server.SynchronizedDispatchConnection] thread 201: received class org.gradle.launcher.daemon.protocol.StopWhenIdle
2023-07-09T02:02:52.253+0700 [DEBUG] [org.gradle.launcher.daemon.server.DefaultDaemonConnection] thread 201: Received non-IO message from client: StopWhenIdle[id=a15a70f8-01f3-4cbc-a2b0-1aae3879b2ff]
2023-07-09T02:02:52.253+0700 [INFO] [org.gradle.launcher.daemon.server.DefaultIncomingConnectionHandler] Received command: StopWhenIdle[id=a15a70f8-01f3-4cbc-a2b0-1aae3879b2ff].
2023-07-09T02:02:52.253+0700 [DEBUG] [org.gradle.launcher.daemon.server.DefaultIncomingConnectionHandler] Starting executing command: StopWhenIdle[id=a15a70f8-01f3-4cbc-a2b0-1aae3879b2ff] with connection: socket connection from /127.0.0.1:54739 to /127.0.0.1:54865.
2023-07-09T02:02:52.253+0700 [DEBUG] [org.gradle.launcher.daemon.server.DaemonRegistryUpdater] Storing daemon stop event: stop command received
2023-07-09T02:02:52.253+0700 [DEBUG] [org.gradle.launcher.daemon.registry.PersistentDaemonRegistry] Storing daemon stop event with timestamp 1688842972253
2023-07-09T02:02:52.253+0700 [DEBUG] [org.gradle.cache.internal.DefaultFileLockManager] Waiting to acquire exclusive lock on daemon addresses registry.
2023-07-09T02:02:52.253+0700 [DEBUG] [org.gradle.cache.internal.DefaultFileLockManager] Lock acquired on daemon addresses registry.
2023-07-09T02:02:52.254+0700 [DEBUG] [org.gradle.cache.internal.DefaultFileLockManager] Releasing lock on daemon addresses registry.
2023-07-09T02:02:52.254+0700 [LIFECYCLE] [org.gradle.launcher.daemon.server.DaemonStateCoordinator] Daemon will be stopped at the end of the build stop command received
2023-07-09T02:02:52.254+0700 [DEBUG] [org.gradle.launcher.daemon.server.DaemonStateCoordinator] Marking daemon stopped due to stop command received. The daemon is running a build: false
2023-07-09T02:02:52.254+0700 [DEBUG] [org.gradle.launcher.daemon.server.DaemonStateCoordinator] daemon has stopped.
2023-07-09T02:02:52.254+0700 [DEBUG] [org.gradle.launcher.daemon.server.Daemon] stop() called on daemon
2023-07-09T02:02:52.254+0700 [DEBUG] [org.gradle.launcher.daemon.server.SynchronizedDispatchConnection] thread 200: dispatching Success[value=null]
2023-07-09T02:02:52.254+0700 [INFO] [org.gradle.launcher.daemon.server.Daemon] Stop requested. Daemon is removing its presence from the registry...
2023-07-09T02:02:52.254+0700 [DEBUG] [org.gradle.launcher.daemon.server.DefaultIncomingConnectionHandler] Finishing executing command: StopWhenIdle[id=a15a70f8-01f3-4cbc-a2b0-1aae3879b2ff]
2023-07-09T02:02:52.254+0700 [DEBUG] [org.gradle.launcher.daemon.server.SynchronizedDispatchConnection] thread 201: received class org.gradle.launcher.daemon.protocol.Finished
2023-07-09T02:02:52.254+0700 [DEBUG] [org.gradle.launcher.daemon.server.DaemonRegistryUpdater] Removing our presence to clients, eg. removing this address from the registry: [fc553006-85bf-45d3-8dc0-6db9a7121b28 port:54739, addresses:[localhost/127.0.0.1]]
2023-07-09T02:02:52.254+0700 [DEBUG] [org.gradle.launcher.daemon.server.DefaultDaemonConnection] thread 201: Received non-IO message from client: org.gradle.launcher.daemon.protocol.Finished@15df205b
2023-07-09T02:02:52.254+0700 [DEBUG] [org.gradle.launcher.daemon.registry.PersistentDaemonRegistry] Removing daemon address: [fc553006-85bf-45d3-8dc0-6db9a7121b28 port:54739, addresses:[localhost/127.0.0.1]]
2023-07-09T02:02:52.254+0700 [DEBUG] [org.gradle.launcher.daemon.server.DefaultIncomingConnectionHandler] Received finished message: org.gradle.launcher.daemon.protocol.Finished@15df205b
2023-07-09T02:02:52.254+0700 [DEBUG] [org.gradle.internal.remote.internal.inet.SocketConnection] Discarding EOFException: java.io.EOFException
2023-07-09T02:02:52.255+0700 [DEBUG] [org.gradle.launcher.daemon.server.SynchronizedDispatchConnection] thread 200: stopping connection
2023-07-09T02:02:52.255+0700 [DEBUG] [org.gradle.launcher.daemon.server.SynchronizedDispatchConnection] thread 201: received null
2023-07-09T02:02:52.255+0700 [DEBUG] [org.gradle.launcher.daemon.server.DefaultDaemonConnection] thread 201: Received end-of-input from client.
2023-07-09T02:02:52.255+0700 [DEBUG] [org.gradle.launcher.daemon.server.SynchronizedDispatchConnection] thread 200: stopping connection
2023-07-09T02:02:52.255+0700 [DEBUG] [org.gradle.cache.internal.DefaultFileLockManager] Waiting to acquire exclusive lock on daemon addresses registry.
2023-07-09T02:02:52.255+0700 [DEBUG] [org.gradle.cache.internal.DefaultFileLockManager] Lock acquired on daemon addresses registry.
2023-07-09T02:02:52.255+0700 [DEBUG] [org.gradle.cache.internal.DefaultFileLockManager] Releasing lock on daemon addresses registry.
2023-07-09T02:02:52.256+0700 [DEBUG] [org.gradle.launcher.daemon.server.DaemonRegistryUpdater] Address removed from registry.
2023-07-09T02:02:52.256+0700 [DEBUG] [org.gradle.cache.internal.LockOnDemandCrossProcessCacheAccess] Releasing file lock for jars (D:\Repos2\ttt-auto\gradle\caches\jars-9)
2023-07-09T02:02:52.256+0700 [DEBUG] [org.gradle.cache.internal.DefaultFileLockManager] Releasing lock on jars (D:\Repos2\ttt-auto\gradle\caches\jars-9).
2023-07-09T02:02:52.256+0700 [DEBUG] [org.gradle.cache.internal.DefaultPersistentDirectoryStore] jars (D:\Repos2\ttt-auto\gradle\caches\jars-9) has last been fully cleaned up 1 hours ago
2023-07-09T02:02:52.256+0700 [DEBUG] [org.gradle.cache.internal.DefaultPersistentDirectoryStore] Artifact transforms cache (D:\Repos2\ttt-auto\gradle\caches\transforms-3) has last been fully cleaned up 1 hours ago
2023-07-09T02:02:52.256+0700 [DEBUG] [org.gradle.cache.internal.DefaultCacheCoordinator] Cache Artifact transforms cache (D:\Repos2\ttt-auto\gradle\caches\transforms-3) was closed 0 times.
2023-07-09T02:02:52.257+0700 [DEBUG] [org.gradle.cache.internal.LockOnDemandCrossProcessCacheAccess] Releasing file lock for file content cache (D:\Repos2\ttt-auto\gradle\caches\8.2\fileContent)
2023-07-09T02:02:52.257+0700 [DEBUG] [org.gradle.cache.internal.DefaultFileLockManager] Releasing lock on file content cache (D:\Repos2\ttt-auto\gradle\caches\8.2\fileContent).
2023-07-09T02:02:52.257+0700 [DEBUG] [org.gradle.internal.watch.vfs.impl.WatchingVirtualFileSystem] Closing VFS, dropping state
2023-07-09T02:02:52.257+0700 [DEBUG] [org.gradle.cache.internal.DefaultCacheCoordinator] Cache Generated Gradle JARs cache (D:\Repos2\ttt-auto\gradle\caches\8.2\generated-gradle-jars) was closed 0 times.
2023-07-09T02:02:52.258+0700 [DEBUG] [org.gradle.internal.watch.registry.impl.DefaultFileWatcherRegistry] Finished listening to file system change events
2023-07-09T02:02:52.258+0700 [DEBUG] [org.gradle.cache.internal.LockOnDemandCrossProcessCacheAccess] Releasing file lock for artifact cache (D:\Repos2\ttt-auto\gradle\caches\modules-2)
2023-07-09T02:02:52.258+0700 [DEBUG] [org.gradle.cache.internal.btree.BTreePersistentIndexedCache] Closing cache module-artifact.bin (D:\Repos2\ttt-auto\gradle\caches\modules-2\metadata-2.106\module-artifact.bin)
2023-07-09T02:02:52.258+0700 [DEBUG] [org.gradle.cache.internal.btree.BTreePersistentIndexedCache] Closing cache module-metadata.bin (D:\Repos2\ttt-auto\gradle\caches\modules-2\metadata-2.106\module-metadata.bin)
2023-07-09T02:02:52.258+0700 [DEBUG] [org.gradle.cache.internal.DefaultFileLockManager] Releasing lock on artifact cache (D:\Repos2\ttt-auto\gradle\caches\modules-2).
2023-07-09T02:02:52.258+0700 [DEBUG] [org.gradle.cache.internal.DefaultPersistentDirectoryStore] artifact cache (D:\Repos2\ttt-auto\gradle\caches\modules-2) has last been fully cleaned up 1 hours ago
2023-07-09T02:02:52.258+0700 [DEBUG] [org.gradle.cache.internal.LockOnDemandCrossProcessCacheAccess] Releasing file lock for journal cache (D:\Repos2\ttt-auto\gradle\caches\journal-1)
2023-07-09T02:02:52.258+0700 [DEBUG] [org.gradle.cache.internal.btree.BTreePersistentIndexedCache] Closing cache file-access.bin (D:\Repos2\ttt-auto\gradle\caches\journal-1\file-access.bin)
2023-07-09T02:02:52.258+0700 [DEBUG] [org.gradle.cache.internal.DefaultFileLockManager] Releasing lock on journal cache (D:\Repos2\ttt-auto\gradle\caches\journal-1).
2023-07-09T02:02:52.258+0700 [DEBUG] [org.gradle.cache.internal.LockOnDemandCrossProcessCacheAccess] Releasing file lock for file hash cache (D:\Repos2\ttt-auto\gradle\caches\8.2\fileHashes)
2023-07-09T02:02:52.258+0700 [DEBUG] [org.gradle.cache.internal.btree.BTreePersistentIndexedCache] Closing cache fileHashes.bin (D:\Repos2\ttt-auto\gradle\caches\8.2\fileHashes\fileHashes.bin)
2023-07-09T02:02:52.259+0700 [DEBUG] [org.gradle.cache.internal.btree.BTreePersistentIndexedCache] Closing cache resourceHashesCache.bin (D:\Repos2\ttt-auto\gradle\caches\8.2\fileHashes\resourceHashesCache.bin)
2023-07-09T02:02:52.259+0700 [DEBUG] [org.gradle.cache.internal.DefaultFileLockManager] Releasing lock on file hash cache (D:\Repos2\ttt-auto\gradle\caches\8.2\fileHashes).
2023-07-09T02:02:52.259+0700 [DEBUG] [org.gradle.cache.internal.LockOnDemandCrossProcessCacheAccess] Releasing file lock for execution history cache (D:\Repos2\ttt-auto\gradle\caches\8.2\executionHistory)
2023-07-09T02:02:52.259+0700 [DEBUG] [org.gradle.cache.internal.DefaultFileLockManager] Releasing lock on execution history cache (D:\Repos2\ttt-auto\gradle\caches\8.2\executionHistory).
2023-07-09T02:02:52.259+0700 [DEBUG] [org.gradle.cache.internal.LockOnDemandCrossProcessCacheAccess] Releasing file lock for Java compile cache (D:\Repos2\ttt-auto\gradle\caches\8.2\javaCompile)
2023-07-09T02:02:52.259+0700 [DEBUG] [org.gradle.cache.internal.btree.BTreePersistentIndexedCache] Closing cache jarAnalysis.bin (D:\Repos2\ttt-auto\gradle\caches\8.2\javaCompile\jarAnalysis.bin)
2023-07-09T02:02:52.259+0700 [DEBUG] [org.gradle.cache.internal.btree.BTreePersistentIndexedCache] Closing cache classAnalysis.bin (D:\Repos2\ttt-auto\gradle\caches\8.2\javaCompile\classAnalysis.bin)
2023-07-09T02:02:52.259+0700 [DEBUG] [org.gradle.cache.internal.DefaultFileLockManager] Releasing lock on Java compile cache (D:\Repos2\ttt-auto\gradle\caches\8.2\javaCompile).
Daemon vm is shutting down... The daemon has exited normally or was terminated in response to a user interrupt.
2023-07-09T02:02:52.260+0700 [DEBUG] [org.gradle.launcher.daemon.registry.PersistentDaemonRegistry] Removing daemon address: [fc553006-85bf-45d3-8dc0-6db9a7121b28 port:54739, addresses:[localhost/127.0.0.1]]
2023-07-09T02:02:52.260+0700 [DEBUG] [org.gradle.cache.internal.DefaultFileLockManager] Waiting to acquire exclusive lock on daemon addresses registry.
2023-07-09T02:02:52.260+0700 [DEBUG] [org.gradle.cache.internal.DefaultFileLockManager] Lock acquired on daemon addresses registry.
2023-07-09T02:02:52.260+0700 [DEBUG] [org.gradle.cache.internal.DefaultFileLockManager] Releasing lock on daemon addresses registry.
