2023-07-09T02:00:09.223+0700 [DEBUG] [org.gradle.launcher.daemon.bootstrap.DaemonMain] Assuming the daemon was started with following jvm opts: [--add-opens=java.base/java.util.concurrent.atomic=ALL-UNNAMED, -XX:MaxMetaspaceSize=384m, -XX:+HeapDumpOnOutOfMemoryError, --add-opens=java.base/java.util=ALL-UNNAMED, --add-opens=java.base/java.lang=ALL-UNNAMED, --add-opens=java.base/java.lang.invoke=ALL-UNNAMED, --add-opens=java.prefs/java.util.prefs=ALL-UNNAMED, --add-opens=java.base/java.nio.charset=ALL-UNNAMED, --add-opens=java.base/java.net=ALL-UNNAMED, --add-opens=java.base/java.util.concurrent.atomic=ALL-UNNAMED, -Xms256m, -Xmx512m, -Dfile.encoding=windows-1252, -Duser.country=US, -Duser.language=en, -Duser.variant]
2023-07-09T02:00:09.288+0700 [DEBUG] [org.gradle.internal.nativeintegration.services.NativeServices] Native-platform posix files integration is not available. Continuing with fallback.
2023-07-09T02:00:09.293+0700 [INFO] [org.gradle.launcher.daemon.server.Daemon] start() called on daemon - DefaultDaemonContext[uid=7b39ad52-5927-44ee-8c72-166a36195a17,javaHome=C:\Program Files\Java\jdk-20,daemonRegistryDir=D:\Repos2\ttt-auto\gradle\daemon,pid=10232,idleTimeout=10800000,priority=NORMAL,applyInstrumentationAgent=true,daemonOpts=--add-opens=java.base/java.util.concurrent.atomic=ALL-UNNAMED,-XX:MaxMetaspaceSize=384m,-XX:+HeapDumpOnOutOfMemoryError,--add-opens=java.base/java.util=ALL-UNNAMED,--add-opens=java.base/java.lang=ALL-UNNAMED,--add-opens=java.base/java.lang.invoke=ALL-UNNAMED,--add-opens=java.prefs/java.util.prefs=ALL-UNNAMED,--add-opens=java.base/java.nio.charset=ALL-UNNAMED,--add-opens=java.base/java.net=ALL-UNNAMED,--add-opens=java.base/java.util.concurrent.atomic=ALL-UNNAMED,-Xms256m,-Xmx512m,-Dfile.encoding=windows-1252,-Duser.country=US,-Duser.language=en,-Duser.variant]
2023-07-09T02:00:09.323+0700 [DEBUG] [org.gradle.internal.remote.internal.inet.InetAddresses] Adding IP addresses for network interface Software Loopback Interface 1
2023-07-09T02:00:09.325+0700 [DEBUG] [org.gradle.internal.remote.internal.inet.InetAddresses] Is this a loopback interface? true
2023-07-09T02:00:09.325+0700 [DEBUG] [org.gradle.internal.remote.internal.inet.InetAddresses] Adding loopback address /127.0.0.1
2023-07-09T02:00:09.325+0700 [DEBUG] [org.gradle.internal.remote.internal.inet.InetAddresses] Adding loopback address /0:0:0:0:0:0:0:1
2023-07-09T02:00:09.325+0700 [DEBUG] [org.gradle.internal.remote.internal.inet.InetAddresses] Adding IP addresses for network interface Microsoft 6to4 Adapter
2023-07-09T02:00:09.326+0700 [DEBUG] [org.gradle.internal.remote.internal.inet.InetAddresses] Is this a loopback interface? false
2023-07-09T02:00:09.326+0700 [DEBUG] [org.gradle.internal.remote.internal.inet.InetAddresses] Adding IP addresses for network interface Intel(R) Wi-Fi 6 AX201 160MHz
2023-07-09T02:00:09.327+0700 [DEBUG] [org.gradle.internal.remote.internal.inet.InetAddresses] Is this a loopback interface? false
2023-07-09T02:00:09.327+0700 [DEBUG] [org.gradle.internal.remote.internal.inet.InetAddresses] Adding remote address /fe80:0:0:0:d580:1dd7:d119:1e86%wlan0
2023-07-09T02:00:09.327+0700 [DEBUG] [org.gradle.internal.remote.internal.inet.InetAddresses] Adding IP addresses for network interface OpenVPN Data Channel Offload
2023-07-09T02:00:09.328+0700 [DEBUG] [org.gradle.internal.remote.internal.inet.InetAddresses] Is this a loopback interface? false
2023-07-09T02:00:09.329+0700 [DEBUG] [org.gradle.internal.remote.internal.inet.InetAddresses] Adding remote address /192.168.240.137
2023-07-09T02:00:09.329+0700 [DEBUG] [org.gradle.internal.remote.internal.inet.InetAddresses] Adding remote address /fe80:0:0:0:8de1:fda5:4005:4126%net1
2023-07-09T02:00:09.329+0700 [DEBUG] [org.gradle.internal.remote.internal.inet.InetAddresses] Adding IP addresses for network interface Wintun Userspace Tunnel
2023-07-09T02:00:09.330+0700 [DEBUG] [org.gradle.internal.remote.internal.inet.InetAddresses] Is this a loopback interface? false
2023-07-09T02:00:09.330+0700 [DEBUG] [org.gradle.internal.remote.internal.inet.InetAddresses] Adding remote address /fe80:0:0:0:4b64:32f9:95b0:e9cc%net2
2023-07-09T02:00:09.330+0700 [DEBUG] [org.gradle.internal.remote.internal.inet.InetAddresses] Adding IP addresses for network interface Microsoft IP-HTTPS Platform Adapter
2023-07-09T02:00:09.331+0700 [DEBUG] [org.gradle.internal.remote.internal.inet.InetAddresses] Is this a loopback interface? false
2023-07-09T02:00:09.331+0700 [DEBUG] [org.gradle.internal.remote.internal.inet.InetAddresses] Adding IP addresses for network interface Microsoft Wi-Fi Direct Virtual Adapter #2
2023-07-09T02:00:09.332+0700 [DEBUG] [org.gradle.internal.remote.internal.inet.InetAddresses] Is this a loopback interface? false
2023-07-09T02:00:09.332+0700 [DEBUG] [org.gradle.internal.remote.internal.inet.InetAddresses] Adding remote address /fe80:0:0:0:b1c0:d74a:6837:26e5%wlan1
2023-07-09T02:00:09.332+0700 [DEBUG] [org.gradle.internal.remote.internal.inet.InetAddresses] Adding IP addresses for network interface Microsoft Teredo Tunneling Adapter
2023-07-09T02:00:09.333+0700 [DEBUG] [org.gradle.internal.remote.internal.inet.InetAddresses] Is this a loopback interface? false
2023-07-09T02:00:09.334+0700 [DEBUG] [org.gradle.internal.remote.internal.inet.InetAddresses] Adding IP addresses for network interface Intel(R) Ethernet Controller (3) I225-V
2023-07-09T02:00:09.335+0700 [DEBUG] [org.gradle.internal.remote.internal.inet.InetAddresses] Is this a loopback interface? false
2023-07-09T02:00:09.335+0700 [DEBUG] [org.gradle.internal.remote.internal.inet.InetAddresses] Adding remote address /192.168.0.186
2023-07-09T02:00:09.335+0700 [DEBUG] [org.gradle.internal.remote.internal.inet.InetAddresses] Adding remote address /fd01:0:0:0:6d01:5850:b100:3c04
2023-07-09T02:00:09.335+0700 [DEBUG] [org.gradle.internal.remote.internal.inet.InetAddresses] Adding remote address /fd01:0:0:0:e18a:fc6:a0e2:549d
2023-07-09T02:00:09.335+0700 [DEBUG] [org.gradle.internal.remote.internal.inet.InetAddresses] Adding remote address /fe80:0:0:0:25b1:de60:a92f:efb6%eth0
2023-07-09T02:00:09.335+0700 [DEBUG] [org.gradle.internal.remote.internal.inet.InetAddresses] Adding IP addresses for network interface TAP-Windows Adapter V9
2023-07-09T02:00:09.336+0700 [DEBUG] [org.gradle.internal.remote.internal.inet.InetAddresses] Is this a loopback interface? false
2023-07-09T02:00:09.336+0700 [DEBUG] [org.gradle.internal.remote.internal.inet.InetAddresses] Adding remote address /fe80:0:0:0:4ffa:a3:c29:809b%net5
2023-07-09T02:00:09.336+0700 [DEBUG] [org.gradle.internal.remote.internal.inet.InetAddresses] Adding IP addresses for network interface Microsoft Kernel Debug Network Adapter
2023-07-09T02:00:09.337+0700 [DEBUG] [org.gradle.internal.remote.internal.inet.InetAddresses] Is this a loopback interface? false
2023-07-09T02:00:09.337+0700 [DEBUG] [org.gradle.internal.remote.internal.inet.InetAddresses] Adding IP addresses for network interface Microsoft Wi-Fi Direct Virtual Adapter
2023-07-09T02:00:09.338+0700 [DEBUG] [org.gradle.internal.remote.internal.inet.InetAddresses] Is this a loopback interface? false
2023-07-09T02:00:09.339+0700 [DEBUG] [org.gradle.internal.remote.internal.inet.InetAddresses] Adding remote address /fe80:0:0:0:6d34:195b:137b:b064%wlan2
2023-07-09T02:00:09.339+0700 [DEBUG] [org.gradle.internal.remote.internal.inet.InetAddresses] Adding IP addresses for network interface Bluetooth Device (Personal Area Network)
2023-07-09T02:00:09.340+0700 [DEBUG] [org.gradle.internal.remote.internal.inet.InetAddresses] Is this a loopback interface? false
2023-07-09T02:00:09.340+0700 [DEBUG] [org.gradle.internal.remote.internal.inet.InetAddresses] Adding IP addresses for network interface TAP-Windows Adapter V9-WFP Native MAC Layer LightWeight Filter-0000
2023-07-09T02:00:09.341+0700 [DEBUG] [org.gradle.internal.remote.internal.inet.InetAddresses] Is this a loopback interface? false
2023-07-09T02:00:09.341+0700 [DEBUG] [org.gradle.internal.remote.internal.inet.InetAddresses] Adding IP addresses for network interface TAP-Windows Adapter V9-QoS Packet Scheduler-0000
2023-07-09T02:00:09.342+0700 [DEBUG] [org.gradle.internal.remote.internal.inet.InetAddresses] Is this a loopback interface? false
2023-07-09T02:00:09.342+0700 [DEBUG] [org.gradle.internal.remote.internal.inet.InetAddresses] Adding IP addresses for network interface TAP-Windows Adapter V9-WFP 802.3 MAC Layer LightWeight Filter-0000
2023-07-09T02:00:09.343+0700 [DEBUG] [org.gradle.internal.remote.internal.inet.InetAddresses] Is this a loopback interface? false
2023-07-09T02:00:09.343+0700 [DEBUG] [org.gradle.internal.remote.internal.inet.InetAddresses] Adding IP addresses for network interface Intel(R) Ethernet Controller (3) I225-V-WFP Native MAC Layer LightWeight Filter-0000
2023-07-09T02:00:09.344+0700 [DEBUG] [org.gradle.internal.remote.internal.inet.InetAddresses] Is this a loopback interface? false
2023-07-09T02:00:09.344+0700 [DEBUG] [org.gradle.internal.remote.internal.inet.InetAddresses] Adding IP addresses for network interface Intel(R) Ethernet Controller (3) I225-V-QoS Packet Scheduler-0000
2023-07-09T02:00:09.345+0700 [DEBUG] [org.gradle.internal.remote.internal.inet.InetAddresses] Is this a loopback interface? false
2023-07-09T02:00:09.345+0700 [DEBUG] [org.gradle.internal.remote.internal.inet.InetAddresses] Adding IP addresses for network interface Intel(R) Ethernet Controller (3) I225-V-WFP 802.3 MAC Layer LightWeight Filter-0000
2023-07-09T02:00:09.346+0700 [DEBUG] [org.gradle.internal.remote.internal.inet.InetAddresses] Is this a loopback interface? false
2023-07-09T02:00:09.346+0700 [DEBUG] [org.gradle.internal.remote.internal.inet.InetAddresses] Adding IP addresses for network interface Intel(R) Wi-Fi 6 AX201 160MHz-WFP Native MAC Layer LightWeight Filter-0000
2023-07-09T02:00:09.347+0700 [DEBUG] [org.gradle.internal.remote.internal.inet.InetAddresses] Is this a loopback interface? false
2023-07-09T02:00:09.347+0700 [DEBUG] [org.gradle.internal.remote.internal.inet.InetAddresses] Adding IP addresses for network interface Intel(R) Wi-Fi 6 AX201 160MHz-Virtual WiFi Filter Driver-0000
2023-07-09T02:00:09.348+0700 [DEBUG] [org.gradle.internal.remote.internal.inet.InetAddresses] Is this a loopback interface? false
2023-07-09T02:00:09.348+0700 [DEBUG] [org.gradle.internal.remote.internal.inet.InetAddresses] Adding IP addresses for network interface Intel(R) Wi-Fi 6 AX201 160MHz-Native WiFi Filter Driver-0000
2023-07-09T02:00:09.349+0700 [DEBUG] [org.gradle.internal.remote.internal.inet.InetAddresses] Is this a loopback interface? false
2023-07-09T02:00:09.349+0700 [DEBUG] [org.gradle.internal.remote.internal.inet.InetAddresses] Adding IP addresses for network interface Intel(R) Wi-Fi 6 AX201 160MHz-QoS Packet Scheduler-0000
2023-07-09T02:00:09.350+0700 [DEBUG] [org.gradle.internal.remote.internal.inet.InetAddresses] Is this a loopback interface? false
2023-07-09T02:00:09.350+0700 [DEBUG] [org.gradle.internal.remote.internal.inet.InetAddresses] Adding IP addresses for network interface Intel(R) Wi-Fi 6 AX201 160MHz-WFP 802.3 MAC Layer LightWeight Filter-0000
2023-07-09T02:00:09.351+0700 [DEBUG] [org.gradle.internal.remote.internal.inet.InetAddresses] Is this a loopback interface? false
2023-07-09T02:00:09.352+0700 [DEBUG] [org.gradle.internal.remote.internal.inet.InetAddresses] Adding IP addresses for network interface Microsoft Wi-Fi Direct Virtual Adapter-WFP Native MAC Layer LightWeight Filter-0000
2023-07-09T02:00:09.353+0700 [DEBUG] [org.gradle.internal.remote.internal.inet.InetAddresses] Is this a loopback interface? false
2023-07-09T02:00:09.353+0700 [DEBUG] [org.gradle.internal.remote.internal.inet.InetAddresses] Adding IP addresses for network interface Microsoft Wi-Fi Direct Virtual Adapter-Native WiFi Filter Driver-0000
2023-07-09T02:00:09.354+0700 [DEBUG] [org.gradle.internal.remote.internal.inet.InetAddresses] Is this a loopback interface? false
2023-07-09T02:00:09.354+0700 [DEBUG] [org.gradle.internal.remote.internal.inet.InetAddresses] Adding IP addresses for network interface Microsoft Wi-Fi Direct Virtual Adapter-QoS Packet Scheduler-0000
2023-07-09T02:00:09.354+0700 [DEBUG] [org.gradle.internal.remote.internal.inet.InetAddresses] Is this a loopback interface? false
2023-07-09T02:00:09.355+0700 [DEBUG] [org.gradle.internal.remote.internal.inet.InetAddresses] Adding IP addresses for network interface Microsoft Wi-Fi Direct Virtual Adapter-WFP 802.3 MAC Layer LightWeight Filter-0000
2023-07-09T02:00:09.355+0700 [DEBUG] [org.gradle.internal.remote.internal.inet.InetAddresses] Is this a loopback interface? false
2023-07-09T02:00:09.355+0700 [DEBUG] [org.gradle.internal.remote.internal.inet.InetAddresses] Adding IP addresses for network interface Microsoft Wi-Fi Direct Virtual Adapter #2-WFP Native MAC Layer LightWeight Filter-0000
2023-07-09T02:00:09.356+0700 [DEBUG] [org.gradle.internal.remote.internal.inet.InetAddresses] Is this a loopback interface? false
2023-07-09T02:00:09.356+0700 [DEBUG] [org.gradle.internal.remote.internal.inet.InetAddresses] Adding IP addresses for network interface Microsoft Wi-Fi Direct Virtual Adapter #2-Native WiFi Filter Driver-0000
2023-07-09T02:00:09.357+0700 [DEBUG] [org.gradle.internal.remote.internal.inet.InetAddresses] Is this a loopback interface? false
2023-07-09T02:00:09.357+0700 [DEBUG] [org.gradle.internal.remote.internal.inet.InetAddresses] Adding IP addresses for network interface Microsoft Wi-Fi Direct Virtual Adapter #2-QoS Packet Scheduler-0000
2023-07-09T02:00:09.358+0700 [DEBUG] [org.gradle.internal.remote.internal.inet.InetAddresses] Is this a loopback interface? false
2023-07-09T02:00:09.359+0700 [DEBUG] [org.gradle.internal.remote.internal.inet.InetAddresses] Adding IP addresses for network interface Microsoft Wi-Fi Direct Virtual Adapter #2-WFP 802.3 MAC Layer LightWeight Filter-0000
2023-07-09T02:00:09.359+0700 [DEBUG] [org.gradle.internal.remote.internal.inet.InetAddresses] Is this a loopback interface? false
2023-07-09T02:00:09.362+0700 [DEBUG] [org.gradle.internal.remote.internal.inet.TcpIncomingConnector] Listening on [80e4bdf3-9fba-4e34-af13-05ec6a3ebb0a port:54611, addresses:[localhost/127.0.0.1]].
2023-07-09T02:00:09.369+0700 [DEBUG] [org.gradle.launcher.daemon.server.Daemon] Daemon starting at: Sun Jul 09 02:00:09 NOVT 2023, with address: [80e4bdf3-9fba-4e34-af13-05ec6a3ebb0a port:54611, addresses:[localhost/127.0.0.1]]
2023-07-09T02:00:09.369+0700 [INFO] [org.gradle.launcher.daemon.server.DaemonRegistryUpdater] Advertising the daemon address to the clients: [80e4bdf3-9fba-4e34-af13-05ec6a3ebb0a port:54611, addresses:[localhost/127.0.0.1]]
2023-07-09T02:00:09.369+0700 [DEBUG] [org.gradle.launcher.daemon.server.DaemonRegistryUpdater] Advertised daemon context: DefaultDaemonContext[uid=7b39ad52-5927-44ee-8c72-166a36195a17,javaHome=C:\Program Files\Java\jdk-20,daemonRegistryDir=D:\Repos2\ttt-auto\gradle\daemon,pid=10232,idleTimeout=10800000,priority=NORMAL,applyInstrumentationAgent=true,daemonOpts=--add-opens=java.base/java.util.concurrent.atomic=ALL-UNNAMED,-XX:MaxMetaspaceSize=384m,-XX:+HeapDumpOnOutOfMemoryError,--add-opens=java.base/java.util=ALL-UNNAMED,--add-opens=java.base/java.lang=ALL-UNNAMED,--add-opens=java.base/java.lang.invoke=ALL-UNNAMED,--add-opens=java.prefs/java.util.prefs=ALL-UNNAMED,--add-opens=java.base/java.nio.charset=ALL-UNNAMED,--add-opens=java.base/java.net=ALL-UNNAMED,--add-opens=java.base/java.util.concurrent.atomic=ALL-UNNAMED,-Xms256m,-Xmx512m,-Dfile.encoding=windows-1252,-Duser.country=US,-Duser.language=en,-Duser.variant]
2023-07-09T02:00:09.369+0700 [DEBUG] [org.gradle.launcher.daemon.registry.PersistentDaemonRegistry] Storing daemon address: [80e4bdf3-9fba-4e34-af13-05ec6a3ebb0a port:54611, addresses:[localhost/127.0.0.1]], context: DefaultDaemonContext[uid=7b39ad52-5927-44ee-8c72-166a36195a17,javaHome=C:\Program Files\Java\jdk-20,daemonRegistryDir=D:\Repos2\ttt-auto\gradle\daemon,pid=10232,idleTimeout=10800000,priority=NORMAL,applyInstrumentationAgent=true,daemonOpts=--add-opens=java.base/java.util.concurrent.atomic=ALL-UNNAMED,-XX:MaxMetaspaceSize=384m,-XX:+HeapDumpOnOutOfMemoryError,--add-opens=java.base/java.util=ALL-UNNAMED,--add-opens=java.base/java.lang=ALL-UNNAMED,--add-opens=java.base/java.lang.invoke=ALL-UNNAMED,--add-opens=java.prefs/java.util.prefs=ALL-UNNAMED,--add-opens=java.base/java.nio.charset=ALL-UNNAMED,--add-opens=java.base/java.net=ALL-UNNAMED,--add-opens=java.base/java.util.concurrent.atomic=ALL-UNNAMED,-Xms256m,-Xmx512m,-Dfile.encoding=windows-1252,-Duser.country=US,-Duser.language=en,-Duser.variant]
2023-07-09T02:00:09.373+0700 [DEBUG] [org.gradle.cache.internal.DefaultFileLockManager] Waiting to acquire exclusive lock on daemon addresses registry.
2023-07-09T02:00:09.375+0700 [DEBUG] [org.gradle.cache.internal.DefaultFileLockManager] Lock acquired on daemon addresses registry.
2023-07-09T02:00:09.377+0700 [DEBUG] [org.gradle.cache.internal.DefaultFileLockManager] Releasing lock on daemon addresses registry.
2023-07-09T02:00:09.377+0700 [LIFECYCLE] [org.gradle.launcher.daemon.server.Daemon] Daemon server started.
2023-07-09T02:00:09.378+0700 [DEBUG] [org.gradle.launcher.daemon.bootstrap.DaemonStartupCommunication] Completed writing the daemon greeting. Closing streams...
2023-07-09T02:00:09.380+0700 [DEBUG] [org.gradle.internal.remote.internal.inet.TcpIncomingConnector] Accepted connection from /127.0.0.1:54612 to /127.0.0.1:54611.
2023-07-09T02:00:09.380+0700 [DEBUG] [org.gradle.launcher.daemon.server.Daemon] stopOnExpiration() called on daemon
2023-07-09T02:00:09.380+0700 [DEBUG] [org.gradle.launcher.daemon.server.Daemon] awaitExpiration() called on daemon
2023-07-09T02:00:09.381+0700 [DEBUG] [org.gradle.launcher.daemon.server.DaemonStateCoordinator] daemon is running. Sleeping until state changes.
2023-07-09T02:00:09.408+0700 [DEBUG] [org.gradle.launcher.daemon.server.SynchronizedDispatchConnection] thread 44: received class org.gradle.launcher.daemon.protocol.Build
2023-07-09T02:00:09.409+0700 [DEBUG] [org.gradle.launcher.daemon.server.DefaultDaemonConnection] thread 44: Received non-IO message from client: Build{id=6d69384e-2b04-4b98-ad7a-adb731fb0d04, currentDir=D:\Repos2\ttt-auto}
2023-07-09T02:00:09.409+0700 [INFO] [org.gradle.launcher.daemon.server.DefaultIncomingConnectionHandler] Received command: Build{id=6d69384e-2b04-4b98-ad7a-adb731fb0d04, currentDir=D:\Repos2\ttt-auto}.
2023-07-09T02:00:09.409+0700 [DEBUG] [org.gradle.launcher.daemon.server.DefaultIncomingConnectionHandler] Starting executing command: Build{id=6d69384e-2b04-4b98-ad7a-adb731fb0d04, currentDir=D:\Repos2\ttt-auto} with connection: socket connection from /127.0.0.1:54611 to /127.0.0.1:54612.
2023-07-09T02:00:09.410+0700 [DEBUG] [org.gradle.launcher.daemon.server.DaemonStateCoordinator] Command execution: started DaemonCommandExecution[command = Build{id=6d69384e-2b04-4b98-ad7a-adb731fb0d04, currentDir=D:\Repos2\ttt-auto}, connection = DefaultDaemonConnection: socket connection from /127.0.0.1:54611 to /127.0.0.1:54612] after 0.0 minutes of idle
2023-07-09T02:00:09.410+0700 [INFO] [org.gradle.launcher.daemon.server.DaemonRegistryUpdater] Marking the daemon as busy, address: [80e4bdf3-9fba-4e34-af13-05ec6a3ebb0a port:54611, addresses:[localhost/127.0.0.1]]
2023-07-09T02:00:09.410+0700 [DEBUG] [org.gradle.launcher.daemon.registry.PersistentDaemonRegistry] Marking busy by address: [80e4bdf3-9fba-4e34-af13-05ec6a3ebb0a port:54611, addresses:[localhost/127.0.0.1]]
2023-07-09T02:00:09.411+0700 [DEBUG] [org.gradle.cache.internal.DefaultFileLockManager] Waiting to acquire exclusive lock on daemon addresses registry.
2023-07-09T02:00:09.411+0700 [DEBUG] [org.gradle.cache.internal.DefaultFileLockManager] Lock acquired on daemon addresses registry.
2023-07-09T02:00:09.411+0700 [DEBUG] [org.gradle.cache.internal.DefaultFileLockManager] Releasing lock on daemon addresses registry.
2023-07-09T02:00:09.411+0700 [DEBUG] [org.gradle.launcher.daemon.server.DaemonStateCoordinator] resetting idle timer
2023-07-09T02:00:09.411+0700 [DEBUG] [org.gradle.launcher.daemon.server.DaemonStateCoordinator] daemon is running. Sleeping until state changes.
2023-07-09T02:00:09.412+0700 [INFO] [org.gradle.launcher.daemon.server.exec.StartBuildOrRespondWithBusy] Daemon is about to start building Build{id=6d69384e-2b04-4b98-ad7a-adb731fb0d04, currentDir=D:\Repos2\ttt-auto}. Dispatching build started information...
2023-07-09T02:00:09.412+0700 [DEBUG] [org.gradle.launcher.daemon.server.SynchronizedDispatchConnection] thread 46: dispatching org.gradle.launcher.daemon.protocol.BuildStarted@59b19e2d
2023-07-09T02:00:09.412+0700 [DEBUG] [org.gradle.launcher.daemon.server.exec.EstablishBuildEnvironment] Configuring env variables: [USERDOMAIN_ROAMINGPROFILE, LOCALAPPDATA, PROCESSOR_LEVEL, USERDOMAIN, LOGONSERVER, JAVA_HOME, SESSIONNAME, ALLUSERSPROFILE, PROCESSOR_ARCHITECTURE, RlsSvcPort, PSModulePath, GRADLE_HOME, SystemDrive, EFC_5356, OneDrive, APPDATA, ACSvcPort, USERNAME, ProgramFiles(x86), ACSetupSvcPort, CommonProgramFiles, Path, PATHEXT, DriverData, OS, OneDriveConsumer, IntelliJ IDEA Community Edition, COMPUTERNAME, PROCESSOR_REVISION, CommonProgramW6432, PyCharm Community Edition, ComSpec, ProgramData, ProgramW6432, HOMEPATH, TEMP, SystemRoot, PROCESSOR_IDENTIFIER, HOMEDRIVE, USERPROFILE, TMP, ProgramFiles, PUBLIC, CommonProgramFiles(x86), windir, NUMBER_OF_PROCESSORS, =::, IDEA_INITIAL_DIRECTORY]
2023-07-09T02:00:09.414+0700 [DEBUG] [org.gradle.launcher.daemon.server.exec.LogToClient] About to start relaying all logs to the client via the connection.
2023-07-09T02:00:09.414+0700 [INFO] [org.gradle.launcher.daemon.server.exec.LogToClient] The client will now receive all logging from the daemon (pid: 10232). The daemon log file: D:\Repos2\ttt-auto\gradle\daemon\8.2\daemon-10232.out.log
2023-07-09T02:00:09.415+0700 [INFO] [org.gradle.launcher.daemon.server.exec.LogAndCheckHealth] Starting build in new daemon [memory: 512 MiB]
2023-07-09T02:00:09.416+0700 [DEBUG] [org.gradle.launcher.daemon.server.exec.ExecuteBuild] The daemon has started executing the build.
2023-07-09T02:00:09.417+0700 [DEBUG] [org.gradle.launcher.daemon.server.exec.ExecuteBuild] Executing build with daemon context: DefaultDaemonContext[uid=7b39ad52-5927-44ee-8c72-166a36195a17,javaHome=C:\Program Files\Java\jdk-20,daemonRegistryDir=D:\Repos2\ttt-auto\gradle\daemon,pid=10232,idleTimeout=10800000,priority=NORMAL,applyInstrumentationAgent=true,daemonOpts=--add-opens=java.base/java.util.concurrent.atomic=ALL-UNNAMED,-XX:MaxMetaspaceSize=384m,-XX:+HeapDumpOnOutOfMemoryError,--add-opens=java.base/java.util=ALL-UNNAMED,--add-opens=java.base/java.lang=ALL-UNNAMED,--add-opens=java.base/java.lang.invoke=ALL-UNNAMED,--add-opens=java.prefs/java.util.prefs=ALL-UNNAMED,--add-opens=java.base/java.nio.charset=ALL-UNNAMED,--add-opens=java.base/java.net=ALL-UNNAMED,--add-opens=java.base/java.util.concurrent.atomic=ALL-UNNAMED,-Xms256m,-Xmx512m,-Dfile.encoding=windows-1252,-Duser.country=US,-Duser.language=en,-Duser.variant]
<ijLog><event type='reportLocation' testReport='D:\Repos2\ttt-auto\build\reports\tests\test\index.html' /></ijLog>
<ijLog><event type='beforeSuite'><ijLogEol/>  <test id=':test' parentId=''><ijLogEol/>    <descriptor name='Gradle Test Run :test' displayName='Gradle Test Run :test' className='' /><ijLogEol/>  </test><ijLogEol/></event></ijLog>
<ijLog><event type='beforeSuite'><ijLogEol/>  <test id='1.1' parentId=':test'><ijLogEol/>    <descriptor name='Gradle Test Executor 1' displayName='Gradle Test Executor 1' className='' /><ijLogEol/>  </test><ijLogEol/></event></ijLog>
<ijLog><event type='onOutput'><ijLogEol/>  <test id='1.1' parentId=':test'><ijLogEol/>    <descriptor name='Gradle Test Executor 1' displayName='Gradle Test Executor 1' className='' /><ijLogEol/>    <event destination='StdErr'><![CDATA[U0xGNEo6IE5vIFNMRjRKIHByb3ZpZGVycyB3ZXJlIGZvdW5kLg0K]]></event><ijLogEol/>  </test><ijLogEol/></event></ijLog>
<ijLog><event type='onOutput'><ijLogEol/>  <test id='1.1' parentId=':test'><ijLogEol/>    <descriptor name='Gradle Test Executor 1' displayName='Gradle Test Executor 1' className='' /><ijLogEol/>    <event destination='StdErr'><![CDATA[U0xGNEo6IERlZmF1bHRpbmcgdG8gbm8tb3BlcmF0aW9uIChOT1ApIGxvZ2dlciBpbXBsZW1lbnRhdGlvbg0K]]></event><ijLogEol/>  </test><ijLogEol/></event></ijLog>
<ijLog><event type='onOutput'><ijLogEol/>  <test id='1.1' parentId=':test'><ijLogEol/>    <descriptor name='Gradle Test Executor 1' displayName='Gradle Test Executor 1' className='' /><ijLogEol/>    <event destination='StdErr'><![CDATA[U0xGNEo6IFNlZSBodHRwczovL3d3dy5zbGY0ai5vcmcvY29kZXMuaHRtbCNub1Byb3ZpZGVycyBmb3IgZnVydGhlciBkZXRhaWxzLg0K]]></event><ijLogEol/>  </test><ijLogEol/></event></ijLog>
<ijLog><event type='onOutput'><ijLogEol/>  <test id='1.1' parentId=':test'><ijLogEol/>    <descriptor name='Gradle Test Executor 1' displayName='Gradle Test Executor 1' className='' /><ijLogEol/>    <event destination='StdErr'><![CDATA[U0xGNEo6IENsYXNzIHBhdGggY29udGFpbnMgU0xGNEogYmluZGluZ3MgdGFyZ2V0aW5nIHNsZjRqLWFwaSB2ZXJzaW9ucyAxLjcueCBvciBlYXJsaWVyLg0K]]></event><ijLogEol/>  </test><ijLogEol/></event></ijLog>
<ijLog><event type='onOutput'><ijLogEol/>  <test id='1.1' parentId=':test'><ijLogEol/>    <descriptor name='Gradle Test Executor 1' displayName='Gradle Test Executor 1' className='' /><ijLogEol/>    <event destination='StdErr'><![CDATA[U0xGNEo6IElnbm9yaW5nIGJpbmRpbmcgZm91bmQgYXQgW2phcjpmaWxlOi9EOi9SZXBvczIvdHR0LWF1dG8vZ3JhZGxlL2NhY2hlcy9tb2R1bGVzLTIvZmlsZXMtMi4xL29yZy5zbGY0ai9zbGY0ai1zaW1wbGUvMS43LjMwL2U2MDZlYWM5NTVmNTVlY2YxZDhlZGNjY2JhMDRlYjhhYzk4MDg4ZGQvc2xmNGotc2ltcGxlLTEuNy4zMC5qYXIhL29yZy9zbGY0ai9pbXBsL1N0YXRpY0xvZ2dlckJpbmRlci5jbGFzc10NCg==]]></event><ijLogEol/>  </test><ijLogEol/></event></ijLog>
<ijLog><event type='onOutput'><ijLogEol/>  <test id='1.1' parentId=':test'><ijLogEol/>    <descriptor name='Gradle Test Executor 1' displayName='Gradle Test Executor 1' className='' /><ijLogEol/>    <event destination='StdErr'><![CDATA[U0xGNEo6IFNlZSBodHRwczovL3d3dy5zbGY0ai5vcmcvY29kZXMuaHRtbCNpZ25vcmVkQmluZGluZ3MgZm9yIGFuIGV4cGxhbmF0aW9uLg0K]]></event><ijLogEol/>  </test><ijLogEol/></event></ijLog>
<ijLog><event type='beforeSuite'><ijLogEol/>  <test id='1.2' parentId='1.1'><ijLogEol/>    <descriptor name='tests.ttt.Login.LoginTest' displayName='LoginTest' className='tests.ttt.Login.LoginTest' /><ijLogEol/>  </test><ijLogEol/></event></ijLog>
<ijLog><event type='beforeTest'><ijLogEol/>  <test id='1.3' parentId='1.2'><ijLogEol/>    <descriptor name='login_positive()' displayName='Login: with valid credentials' className='tests.ttt.Login.LoginTest' /><ijLogEol/>  </test><ijLogEol/></event></ijLog>
<ijLog><event type='onOutput'><ijLogEol/>  <test id='1.3' parentId='1.2'><ijLogEol/>    <descriptor name='login_positive()' displayName='Login: with valid credentials' className='tests.ttt.Login.LoginTest' /><ijLogEol/>    <event destination='StdErr'><![CDATA[SnVsIDA5LCAyMDIzIDI6MDA6MTQgQU0gb3JnLm9wZW5xYS5zZWxlbml1bS5yZW1vdGUuc2VydmljZS5Ecml2ZXJTZXJ2aWNlJEJ1aWxkZXIgZ2V0TG9nT3V0cHV0DQo=]]></event><ijLogEol/>  </test><ijLogEol/></event></ijLog>
<ijLog><event type='onOutput'><ijLogEol/>  <test id='1.3' parentId='1.2'><ijLogEol/>    <descriptor name='login_positive()' displayName='Login: with valid credentials' className='tests.ttt.Login.LoginTest' /><ijLogEol/>    <event destination='StdErr'><![CDATA[SU5GTzogRHJpdmVyIGxvZ3Mgbm8gbG9uZ2VyIHNlbnQgdG8gY29uc29sZSBieSBkZWZhdWx0OyBodHRwczovL3d3dy5zZWxlbml1bS5kZXYvZG9jdW1lbnRhdGlvbi93ZWJkcml2ZXIvZHJpdmVycy9zZXJ2aWNlLyNzZXR0aW5nLWxvZy1vdXRwdXQNCg==]]></event><ijLogEol/>  </test><ijLogEol/></event></ijLog>
<ijLog><event type='afterTest'><ijLogEol/>  <test id='1.3' parentId='1.2'><ijLogEol/>    <descriptor name='login_positive()' displayName='Login: with valid credentials' className='tests.ttt.Login.LoginTest' /><ijLogEol/>    <result resultType='SUCCESS' startTime='1688842813777' endTime='1688842817221'><ijLogEol/>      <failureType>error</failureType><ijLogEol/>    </result><ijLogEol/>  </test><ijLogEol/></event></ijLog>
<ijLog><event type='afterSuite'><ijLogEol/>  <test id='1.2' parentId='1.1'><ijLogEol/>    <descriptor name='tests.ttt.Login.LoginTest' displayName='LoginTest' className='tests.ttt.Login.LoginTest' /><ijLogEol/>    <result resultType='SUCCESS' startTime='1688842813726' endTime='1688842817223'><ijLogEol/>      <failureType>error</failureType><ijLogEol/>    </result><ijLogEol/>  </test><ijLogEol/></event></ijLog>
<ijLog><event type='afterSuite'><ijLogEol/>  <test id='1.1' parentId=':test'><ijLogEol/>    <descriptor name='Gradle Test Executor 1' displayName='Gradle Test Executor 1' className='' /><ijLogEol/>    <result resultType='SUCCESS' startTime='1688842813215' endTime='1688842817224'><ijLogEol/>      <failureType>error</failureType><ijLogEol/>    </result><ijLogEol/>  </test><ijLogEol/></event></ijLog>
<ijLog><event type='afterSuite'><ijLogEol/>  <test id=':test' parentId=''><ijLogEol/>    <descriptor name='Gradle Test Run :test' displayName='Gradle Test Run :test' className='' /><ijLogEol/>    <result resultType='SUCCESS' startTime='1688842812449' endTime='1688842818572'><ijLogEol/>      <failureType>error</failureType><ijLogEol/>    </result><ijLogEol/>  </test><ijLogEol/></event></ijLog>

Deprecated Gradle features were used in this build, making it incompatible with Gradle 9.0.

You can use '--warning-mode all' to show the individual deprecation warnings and determine if they come from your own scripts or plugins.

For more on this, please refer to https://docs.gradle.org/8.2/userguide/command_line_interface.html#sec:command_line_warnings in the Gradle documentation.

BUILD SUCCESSFUL in 9s
2 actionable tasks: 1 executed, 1 up-to-date
2023-07-09T02:00:18.616+0700 [DEBUG] [org.gradle.launcher.daemon.server.exec.ExecuteBuild] The daemon has finished executing the build.
2023-07-09T02:00:18.633+0700 [DEBUG] [org.gradle.launcher.daemon.server.DaemonStateCoordinator] daemon is running. Sleeping until state changes.
2023-07-09T02:00:18.633+0700 [DEBUG] [org.gradle.launcher.daemon.server.DaemonStateCoordinator] Command execution: finished waiting for DaemonCommandExecution[command = Build{id=6d69384e-2b04-4b98-ad7a-adb731fb0d04, currentDir=D:\Repos2\ttt-auto}, connection = DefaultDaemonConnection: socket connection from /127.0.0.1:54611 to /127.0.0.1:54612]. Result org.gradle.launcher.daemon.server.DaemonStateCoordinator@36467804 with state Busy
2023-07-09T02:00:18.633+0700 [DEBUG] [org.gradle.launcher.daemon.server.DaemonStateCoordinator] Command execution: completed DaemonCommandExecution[command = Build{id=6d69384e-2b04-4b98-ad7a-adb731fb0d04, currentDir=D:\Repos2\ttt-auto}, connection = DefaultDaemonConnection: socket connection from /127.0.0.1:54611 to /127.0.0.1:54612]
2023-07-09T02:00:18.633+0700 [DEBUG] [org.gradle.launcher.daemon.server.DaemonStateCoordinator] resetting idle timer
2023-07-09T02:00:18.633+0700 [INFO] [org.gradle.launcher.daemon.server.DaemonRegistryUpdater] Marking the daemon as idle, address: [80e4bdf3-9fba-4e34-af13-05ec6a3ebb0a port:54611, addresses:[localhost/127.0.0.1]]
2023-07-09T02:00:18.633+0700 [DEBUG] [org.gradle.launcher.daemon.registry.PersistentDaemonRegistry] Marking busy by address: [80e4bdf3-9fba-4e34-af13-05ec6a3ebb0a port:54611, addresses:[localhost/127.0.0.1]]
2023-07-09T02:00:18.633+0700 [DEBUG] [org.gradle.cache.internal.DefaultFileLockManager] Waiting to acquire exclusive lock on daemon addresses registry.
2023-07-09T02:00:18.634+0700 [DEBUG] [org.gradle.cache.internal.DefaultFileLockManager] Lock acquired on daemon addresses registry.
2023-07-09T02:00:18.634+0700 [DEBUG] [org.gradle.cache.internal.DefaultFileLockManager] Releasing lock on daemon addresses registry.
2023-07-09T02:00:18.634+0700 [DEBUG] [org.gradle.launcher.daemon.server.DaemonStateCoordinator] daemon is running. Sleeping until state changes.
2023-07-09T02:00:18.634+0700 [DEBUG] [org.gradle.launcher.daemon.server.exec.ReturnResult] Daemon is dispatching the build result: Success[value=org.gradle.launcher.exec.BuildActionResult@26b98b94]
2023-07-09T02:00:18.634+0700 [DEBUG] [org.gradle.launcher.daemon.server.SynchronizedDispatchConnection] thread 43: dispatching Success[value=org.gradle.launcher.exec.BuildActionResult@26b98b94]
2023-07-09T02:00:18.634+0700 [DEBUG] [org.gradle.launcher.daemon.server.DefaultIncomingConnectionHandler] Finishing executing command: Build{id=6d69384e-2b04-4b98-ad7a-adb731fb0d04, currentDir=D:\Repos2\ttt-auto}
2023-07-09T02:00:18.635+0700 [DEBUG] [org.gradle.launcher.daemon.server.SynchronizedDispatchConnection] thread 44: received class org.gradle.launcher.daemon.protocol.CloseInput
2023-07-09T02:00:18.635+0700 [DEBUG] [org.gradle.launcher.daemon.server.DefaultDaemonConnection] thread 44: Received IO message from client: org.gradle.launcher.daemon.protocol.CloseInput@87ac1dd
2023-07-09T02:00:18.635+0700 [DEBUG] [org.gradle.launcher.daemon.server.SynchronizedDispatchConnection] thread 44: received class org.gradle.launcher.daemon.protocol.Finished
2023-07-09T02:00:18.635+0700 [DEBUG] [org.gradle.launcher.daemon.server.DefaultDaemonConnection] thread 44: Received non-IO message from client: org.gradle.launcher.daemon.protocol.Finished@2890212d
2023-07-09T02:00:18.635+0700 [DEBUG] [org.gradle.launcher.daemon.server.DefaultIncomingConnectionHandler] Received finished message: org.gradle.launcher.daemon.protocol.Finished@2890212d
2023-07-09T02:00:18.635+0700 [DEBUG] [org.gradle.launcher.daemon.server.SynchronizedDispatchConnection] thread 43: stopping connection
2023-07-09T02:00:18.635+0700 [DEBUG] [org.gradle.internal.remote.internal.inet.SocketConnection] Discarding EOFException: java.io.EOFException
2023-07-09T02:00:18.635+0700 [DEBUG] [org.gradle.launcher.daemon.server.SynchronizedDispatchConnection] thread 44: received null
2023-07-09T02:00:18.635+0700 [DEBUG] [org.gradle.launcher.daemon.server.DefaultDaemonConnection] thread 44: Received end-of-input from client.
2023-07-09T02:00:18.635+0700 [DEBUG] [org.gradle.launcher.daemon.server.SynchronizedDispatchConnection] thread 43: stopping connection
2023-07-09T02:00:19.388+0700 [DEBUG] [org.gradle.cache.internal.DefaultFileLockManager] Waiting to acquire shared lock on daemon addresses registry.
2023-07-09T02:00:19.389+0700 [DEBUG] [org.gradle.cache.internal.DefaultFileLockManager] Lock acquired on daemon addresses registry.
2023-07-09T02:00:19.389+0700 [DEBUG] [org.gradle.cache.internal.DefaultFileLockManager] Releasing lock on daemon addresses registry.
2023-07-09T02:00:19.390+0700 [DEBUG] [org.gradle.cache.internal.DefaultFileLockManager] Waiting to acquire shared lock on daemon addresses registry.
2023-07-09T02:00:19.390+0700 [DEBUG] [org.gradle.cache.internal.DefaultFileLockManager] Lock acquired on daemon addresses registry.
2023-07-09T02:00:19.390+0700 [DEBUG] [org.gradle.cache.internal.DefaultFileLockManager] Releasing lock on daemon addresses registry.
2023-07-09T02:00:29.384+0700 [DEBUG] [org.gradle.cache.internal.DefaultFileLockManager] Waiting to acquire shared lock on daemon addresses registry.
2023-07-09T02:00:29.385+0700 [DEBUG] [org.gradle.cache.internal.DefaultFileLockManager] Lock acquired on daemon addresses registry.
2023-07-09T02:00:29.385+0700 [DEBUG] [org.gradle.cache.internal.DefaultFileLockManager] Releasing lock on daemon addresses registry.
2023-07-09T02:00:29.387+0700 [DEBUG] [org.gradle.cache.internal.DefaultFileLockManager] Waiting to acquire shared lock on daemon addresses registry.
2023-07-09T02:00:29.387+0700 [DEBUG] [org.gradle.cache.internal.DefaultFileLockManager] Lock acquired on daemon addresses registry.
2023-07-09T02:00:29.388+0700 [DEBUG] [org.gradle.cache.internal.DefaultFileLockManager] Releasing lock on daemon addresses registry.
2023-07-09T02:00:29.389+0700 [DEBUG] [org.gradle.cache.internal.DefaultFileLockManager] Waiting to acquire shared lock on daemon addresses registry.
2023-07-09T02:00:29.389+0700 [DEBUG] [org.gradle.cache.internal.DefaultFileLockManager] Lock acquired on daemon addresses registry.
2023-07-09T02:00:29.389+0700 [DEBUG] [org.gradle.cache.internal.DefaultFileLockManager] Releasing lock on daemon addresses registry.
2023-07-09T02:00:36.314+0700 [DEBUG] [org.gradle.cache.internal.LockOnDemandCrossProcessCacheAccess] Lock on artifact cache (D:\Repos2\ttt-auto\gradle\caches\modules-2) requested by another process - releasing lock.
2023-07-09T02:00:36.314+0700 [DEBUG] [org.gradle.cache.internal.LockOnDemandCrossProcessCacheAccess] Releasing file lock for artifact cache (D:\Repos2\ttt-auto\gradle\caches\modules-2)
2023-07-09T02:00:36.314+0700 [DEBUG] [org.gradle.cache.internal.btree.BTreePersistentIndexedCache] Closing cache module-artifact.bin (D:\Repos2\ttt-auto\gradle\caches\modules-2\metadata-2.106\module-artifact.bin)
2023-07-09T02:00:36.314+0700 [DEBUG] [org.gradle.cache.internal.btree.BTreePersistentIndexedCache] Closing cache module-metadata.bin (D:\Repos2\ttt-auto\gradle\caches\modules-2\metadata-2.106\module-metadata.bin)
2023-07-09T02:00:36.314+0700 [DEBUG] [org.gradle.cache.internal.DefaultFileLockManager] Releasing lock on artifact cache (D:\Repos2\ttt-auto\gradle\caches\modules-2).
2023-07-09T02:00:36.315+0700 [DEBUG] [org.gradle.cache.internal.locklistener.FileLockCommunicator] Confirming lock release to Gradle process at port 55050 for lock with id -2602456045351158501.
2023-07-09T02:00:36.315+0700 [DEBUG] [org.gradle.cache.internal.locklistener.FileLockCommunicator] Confirming lock release to Gradle process at port 55050 for lock with id -2602456045351158501.
2023-07-09T02:00:36.321+0700 [DEBUG] [org.gradle.cache.internal.LockOnDemandCrossProcessCacheAccess] Lock on journal cache (D:\Repos2\ttt-auto\gradle\caches\journal-1) requested by another process - releasing lock.
2023-07-09T02:00:36.321+0700 [DEBUG] [org.gradle.cache.internal.LockOnDemandCrossProcessCacheAccess] Releasing file lock for journal cache (D:\Repos2\ttt-auto\gradle\caches\journal-1)
2023-07-09T02:00:36.321+0700 [DEBUG] [org.gradle.cache.internal.btree.BTreePersistentIndexedCache] Closing cache file-access.bin (D:\Repos2\ttt-auto\gradle\caches\journal-1\file-access.bin)
2023-07-09T02:00:36.322+0700 [DEBUG] [org.gradle.cache.internal.DefaultFileLockManager] Releasing lock on journal cache (D:\Repos2\ttt-auto\gradle\caches\journal-1).
2023-07-09T02:00:36.322+0700 [DEBUG] [org.gradle.cache.internal.locklistener.FileLockCommunicator] Confirming lock release to Gradle process at port 55050 for lock with id 339590757362014841.
2023-07-09T02:00:36.322+0700 [DEBUG] [org.gradle.cache.internal.locklistener.FileLockCommunicator] Confirming lock release to Gradle process at port 55050 for lock with id 339590757362014841.
2023-07-09T02:00:36.323+0700 [DEBUG] [org.gradle.cache.internal.LockOnDemandCrossProcessCacheAccess] Lock on jars (D:\Repos2\ttt-auto\gradle\caches\jars-9) requested by another process - releasing lock.
2023-07-09T02:00:36.324+0700 [DEBUG] [org.gradle.cache.internal.LockOnDemandCrossProcessCacheAccess] Releasing file lock for jars (D:\Repos2\ttt-auto\gradle\caches\jars-9)
2023-07-09T02:00:36.324+0700 [DEBUG] [org.gradle.cache.internal.DefaultFileLockManager] Releasing lock on jars (D:\Repos2\ttt-auto\gradle\caches\jars-9).
2023-07-09T02:00:36.324+0700 [DEBUG] [org.gradle.cache.internal.locklistener.FileLockCommunicator] Confirming lock release to Gradle process at port 55050 for lock with id -1302840408967184579.
2023-07-09T02:00:36.324+0700 [DEBUG] [org.gradle.cache.internal.locklistener.FileLockCommunicator] Confirming lock release to Gradle process at port 55050 for lock with id -1302840408967184579.
2023-07-09T02:00:36.328+0700 [DEBUG] [org.gradle.cache.internal.LockOnDemandCrossProcessCacheAccess] Lock on file hash cache (D:\Repos2\ttt-auto\gradle\caches\8.2\fileHashes) requested by another process - releasing lock.
2023-07-09T02:00:36.328+0700 [DEBUG] [org.gradle.cache.internal.LockOnDemandCrossProcessCacheAccess] Releasing file lock for file hash cache (D:\Repos2\ttt-auto\gradle\caches\8.2\fileHashes)
2023-07-09T02:00:36.328+0700 [DEBUG] [org.gradle.cache.internal.btree.BTreePersistentIndexedCache] Closing cache fileHashes.bin (D:\Repos2\ttt-auto\gradle\caches\8.2\fileHashes\fileHashes.bin)
2023-07-09T02:00:36.329+0700 [DEBUG] [org.gradle.cache.internal.btree.BTreePersistentIndexedCache] Closing cache resourceHashesCache.bin (D:\Repos2\ttt-auto\gradle\caches\8.2\fileHashes\resourceHashesCache.bin)
2023-07-09T02:00:36.329+0700 [DEBUG] [org.gradle.cache.internal.DefaultFileLockManager] Releasing lock on file hash cache (D:\Repos2\ttt-auto\gradle\caches\8.2\fileHashes).
2023-07-09T02:00:36.329+0700 [DEBUG] [org.gradle.cache.internal.locklistener.FileLockCommunicator] Confirming lock release to Gradle process at port 55050 for lock with id -664358225106628785.
2023-07-09T02:00:36.329+0700 [DEBUG] [org.gradle.cache.internal.locklistener.FileLockCommunicator] Confirming lock release to Gradle process at port 55050 for lock with id -664358225106628785.
2023-07-09T02:00:36.372+0700 [DEBUG] [org.gradle.internal.watch.vfs.impl.WatchingVirtualFileSystem] Handling VFS change MODIFIED D:\Repos2\ttt-auto\build\allure-results\executor.json
2023-07-09T02:00:36.373+0700 [DEBUG] [org.gradle.internal.watch.vfs.impl.WatchingVirtualFileSystem] Handling VFS change MODIFIED D:\Repos2\ttt-auto\build\test-results\test\binary\output.bin
2023-07-09T02:00:36.373+0700 [DEBUG] [org.gradle.internal.watch.vfs.impl.WatchingVirtualFileSystem] Handling VFS change MODIFIED D:\Repos2\ttt-auto\build\test-results\test\binary\output.bin.idx
2023-07-09T02:00:36.373+0700 [DEBUG] [org.gradle.internal.watch.vfs.impl.WatchingVirtualFileSystem] Handling VFS change MODIFIED D:\Repos2\ttt-auto\build\test-results\test\binary\results.bin
2023-07-09T02:00:36.373+0700 [DEBUG] [org.gradle.internal.watch.vfs.impl.WatchingVirtualFileSystem] Handling VFS change REMOVED D:\Repos2\ttt-auto\build\test-results\test\binary
2023-07-09T02:00:39.382+0700 [DEBUG] [org.gradle.cache.internal.DefaultFileLockManager] Waiting to acquire shared lock on daemon addresses registry.
2023-07-09T02:00:39.382+0700 [DEBUG] [org.gradle.cache.internal.DefaultFileLockManager] Lock acquired on daemon addresses registry.
2023-07-09T02:00:39.382+0700 [DEBUG] [org.gradle.cache.internal.DefaultFileLockManager] Releasing lock on daemon addresses registry.
2023-07-09T02:00:39.383+0700 [DEBUG] [org.gradle.cache.internal.DefaultFileLockManager] Waiting to acquire shared lock on daemon addresses registry.
2023-07-09T02:00:39.383+0700 [DEBUG] [org.gradle.cache.internal.DefaultFileLockManager] Lock acquired on daemon addresses registry.
2023-07-09T02:00:39.383+0700 [DEBUG] [org.gradle.cache.internal.DefaultFileLockManager] Releasing lock on daemon addresses registry.
2023-07-09T02:00:39.384+0700 [DEBUG] [org.gradle.cache.internal.DefaultFileLockManager] Waiting to acquire shared lock on daemon addresses registry.
2023-07-09T02:00:39.384+0700 [DEBUG] [org.gradle.cache.internal.DefaultFileLockManager] Lock acquired on daemon addresses registry.
2023-07-09T02:00:39.384+0700 [DEBUG] [org.gradle.cache.internal.DefaultFileLockManager] Releasing lock on daemon addresses registry.
2023-07-09T02:00:41.997+0700 [DEBUG] [org.gradle.internal.watch.vfs.impl.WatchingVirtualFileSystem] Handling VFS change MODIFIED D:\Repos2\ttt-auto\build\test-results\test\TEST-tests.ttt.Login.LoginTest.xml
2023-07-09T02:00:41.998+0700 [DEBUG] [org.gradle.internal.watch.vfs.impl.WatchingVirtualFileSystem] Handling VFS change REMOVED D:\Repos2\ttt-auto\build\reports\tests\test\packages\tests.ttt.Login.html
2023-07-09T02:00:41.998+0700 [DEBUG] [org.gradle.internal.watch.vfs.impl.WatchingVirtualFileSystem] Handling VFS change REMOVED D:\Repos2\ttt-auto\build\reports\tests\test\packages
2023-07-09T02:00:41.998+0700 [DEBUG] [org.gradle.internal.watch.vfs.impl.WatchingVirtualFileSystem] Handling VFS change REMOVED D:\Repos2\ttt-auto\build\reports\tests\test\classes\tests.ttt.Login.LoginTest.html
2023-07-09T02:00:41.999+0700 [DEBUG] [org.gradle.internal.watch.vfs.impl.WatchingVirtualFileSystem] Handling VFS change REMOVED D:\Repos2\ttt-auto\build\reports\tests\test\classes
2023-07-09T02:00:41.999+0700 [DEBUG] [org.gradle.internal.watch.vfs.impl.WatchingVirtualFileSystem] Handling VFS change MODIFIED D:\Repos2\ttt-auto\build\reports\tests\test\index.html
2023-07-09T02:00:49.395+0700 [DEBUG] [org.gradle.cache.internal.DefaultFileLockManager] Waiting to acquire shared lock on daemon addresses registry.
2023-07-09T02:00:49.395+0700 [DEBUG] [org.gradle.cache.internal.DefaultFileLockManager] Lock acquired on daemon addresses registry.
2023-07-09T02:00:49.396+0700 [DEBUG] [org.gradle.cache.internal.DefaultFileLockManager] Releasing lock on daemon addresses registry.
2023-07-09T02:00:49.397+0700 [DEBUG] [org.gradle.cache.internal.DefaultFileLockManager] Waiting to acquire shared lock on daemon addresses registry.
2023-07-09T02:00:49.397+0700 [DEBUG] [org.gradle.cache.internal.DefaultFileLockManager] Lock acquired on daemon addresses registry.
2023-07-09T02:00:49.398+0700 [DEBUG] [org.gradle.cache.internal.DefaultFileLockManager] Releasing lock on daemon addresses registry.
2023-07-09T02:00:49.398+0700 [DEBUG] [org.gradle.cache.internal.DefaultFileLockManager] Waiting to acquire shared lock on daemon addresses registry.
2023-07-09T02:00:49.399+0700 [DEBUG] [org.gradle.cache.internal.DefaultFileLockManager] Lock acquired on daemon addresses registry.
2023-07-09T02:00:49.399+0700 [DEBUG] [org.gradle.cache.internal.DefaultFileLockManager] Releasing lock on daemon addresses registry.
2023-07-09T02:00:59.398+0700 [DEBUG] [org.gradle.cache.internal.DefaultFileLockManager] Waiting to acquire shared lock on daemon addresses registry.
2023-07-09T02:00:59.399+0700 [DEBUG] [org.gradle.cache.internal.DefaultFileLockManager] Lock acquired on daemon addresses registry.
2023-07-09T02:00:59.399+0700 [DEBUG] [org.gradle.cache.internal.DefaultFileLockManager] Releasing lock on daemon addresses registry.
2023-07-09T02:00:59.401+0700 [DEBUG] [org.gradle.cache.internal.DefaultFileLockManager] Waiting to acquire shared lock on daemon addresses registry.
2023-07-09T02:00:59.401+0700 [DEBUG] [org.gradle.cache.internal.DefaultFileLockManager] Lock acquired on daemon addresses registry.
2023-07-09T02:00:59.402+0700 [DEBUG] [org.gradle.cache.internal.DefaultFileLockManager] Releasing lock on daemon addresses registry.
2023-07-09T02:00:59.402+0700 [DEBUG] [org.gradle.cache.internal.DefaultFileLockManager] Waiting to acquire shared lock on daemon addresses registry.
2023-07-09T02:00:59.403+0700 [DEBUG] [org.gradle.cache.internal.DefaultFileLockManager] Lock acquired on daemon addresses registry.
2023-07-09T02:00:59.403+0700 [DEBUG] [org.gradle.cache.internal.DefaultFileLockManager] Releasing lock on daemon addresses registry.
2023-07-09T02:01:09.396+0700 [DEBUG] [org.gradle.cache.internal.DefaultFileLockManager] Waiting to acquire shared lock on daemon addresses registry.
2023-07-09T02:01:09.397+0700 [DEBUG] [org.gradle.cache.internal.DefaultFileLockManager] Lock acquired on daemon addresses registry.
2023-07-09T02:01:09.398+0700 [DEBUG] [org.gradle.cache.internal.DefaultFileLockManager] Releasing lock on daemon addresses registry.
2023-07-09T02:01:09.399+0700 [DEBUG] [org.gradle.cache.internal.DefaultFileLockManager] Waiting to acquire shared lock on daemon addresses registry.
2023-07-09T02:01:09.400+0700 [DEBUG] [org.gradle.cache.internal.DefaultFileLockManager] Lock acquired on daemon addresses registry.
2023-07-09T02:01:09.400+0700 [DEBUG] [org.gradle.cache.internal.DefaultFileLockManager] Releasing lock on daemon addresses registry.
2023-07-09T02:01:09.402+0700 [DEBUG] [org.gradle.cache.internal.DefaultFileLockManager] Waiting to acquire shared lock on daemon addresses registry.
2023-07-09T02:01:09.402+0700 [DEBUG] [org.gradle.cache.internal.DefaultFileLockManager] Lock acquired on daemon addresses registry.
2023-07-09T02:01:09.403+0700 [DEBUG] [org.gradle.cache.internal.DefaultFileLockManager] Releasing lock on daemon addresses registry.
2023-07-09T02:01:18.583+0700 [DEBUG] [org.gradle.cache.internal.LockOnDemandCrossProcessCacheAccess] Lock on file content cache (D:\Repos2\ttt-auto\gradle\caches\8.2\fileContent) requested by another process - releasing lock.
2023-07-09T02:01:18.583+0700 [DEBUG] [org.gradle.cache.internal.LockOnDemandCrossProcessCacheAccess] Releasing file lock for file content cache (D:\Repos2\ttt-auto\gradle\caches\8.2\fileContent)
2023-07-09T02:01:18.583+0700 [DEBUG] [org.gradle.cache.internal.DefaultFileLockManager] Releasing lock on file content cache (D:\Repos2\ttt-auto\gradle\caches\8.2\fileContent).
2023-07-09T02:01:18.583+0700 [DEBUG] [org.gradle.cache.internal.locklistener.FileLockCommunicator] Confirming lock release to Gradle process at port 52257 for lock with id 6095447150988589233.
2023-07-09T02:01:18.583+0700 [DEBUG] [org.gradle.cache.internal.locklistener.FileLockCommunicator] Confirming lock release to Gradle process at port 52257 for lock with id 6095447150988589233.
2023-07-09T02:01:18.675+0700 [DEBUG] [org.gradle.cache.internal.LockOnDemandCrossProcessCacheAccess] Lock on execution history cache (D:\Repos2\ttt-auto\gradle\caches\8.2\executionHistory) requested by another process - releasing lock.
2023-07-09T02:01:18.675+0700 [DEBUG] [org.gradle.cache.internal.LockOnDemandCrossProcessCacheAccess] Releasing file lock for execution history cache (D:\Repos2\ttt-auto\gradle\caches\8.2\executionHistory)
2023-07-09T02:01:18.675+0700 [DEBUG] [org.gradle.cache.internal.DefaultFileLockManager] Releasing lock on execution history cache (D:\Repos2\ttt-auto\gradle\caches\8.2\executionHistory).
2023-07-09T02:01:18.675+0700 [DEBUG] [org.gradle.cache.internal.locklistener.FileLockCommunicator] Confirming lock release to Gradle process at port 52257 for lock with id 5120616415927896298.
2023-07-09T02:01:18.675+0700 [DEBUG] [org.gradle.cache.internal.locklistener.FileLockCommunicator] Confirming lock release to Gradle process at port 52257 for lock with id 5120616415927896298.
2023-07-09T02:01:19.381+0700 [DEBUG] [org.gradle.cache.internal.DefaultFileLockManager] Waiting to acquire shared lock on daemon addresses registry.
2023-07-09T02:01:19.381+0700 [DEBUG] [org.gradle.cache.internal.DefaultFileLockManager] Lock acquired on daemon addresses registry.
2023-07-09T02:01:19.381+0700 [DEBUG] [org.gradle.cache.internal.DefaultFileLockManager] Releasing lock on daemon addresses registry.
2023-07-09T02:01:19.382+0700 [DEBUG] [org.gradle.cache.internal.DefaultFileLockManager] Waiting to acquire shared lock on daemon addresses registry.
2023-07-09T02:01:19.382+0700 [DEBUG] [org.gradle.cache.internal.DefaultFileLockManager] Lock acquired on daemon addresses registry.
2023-07-09T02:01:19.382+0700 [DEBUG] [org.gradle.cache.internal.DefaultFileLockManager] Releasing lock on daemon addresses registry.
2023-07-09T02:01:19.382+0700 [DEBUG] [org.gradle.cache.internal.DefaultFileLockManager] Waiting to acquire shared lock on daemon addresses registry.
2023-07-09T02:01:19.382+0700 [DEBUG] [org.gradle.cache.internal.DefaultFileLockManager] Lock acquired on daemon addresses registry.
2023-07-09T02:01:19.382+0700 [DEBUG] [org.gradle.cache.internal.DefaultFileLockManager] Releasing lock on daemon addresses registry.
2023-07-09T02:01:20.022+0700 [DEBUG] [org.gradle.internal.watch.registry.impl.DefaultFileWatcherProbeRegistry] Triggering watch probe for D:\Repos2\ttt-auto
2023-07-09T02:01:20.023+0700 [DEBUG] [org.gradle.internal.watch.registry.impl.DefaultFileWatcherProbeRegistry] Triggering watch probe for D:\Repos2\ttt-auto
2023-07-09T02:01:20.135+0700 [DEBUG] [org.gradle.internal.watch.vfs.impl.WatchingVirtualFileSystem] Handling VFS change MODIFIED D:\Repos2\ttt-auto\build\classes\java\test\conf\Config.class
2023-07-09T02:01:20.135+0700 [DEBUG] [org.gradle.internal.watch.vfs.impl.WatchingVirtualFileSystem] Handling VFS change REMOVED D:\Repos2\ttt-auto\build\classes\java\test\conf
2023-07-09T02:01:20.136+0700 [DEBUG] [org.gradle.internal.watch.vfs.impl.WatchingVirtualFileSystem] Handling VFS change MODIFIED D:\Repos2\ttt-auto\build\classes\java\test\data\BaseData.class
2023-07-09T02:01:20.136+0700 [DEBUG] [org.gradle.internal.watch.vfs.impl.WatchingVirtualFileSystem] Handling VFS change MODIFIED D:\Repos2\ttt-auto\build\classes\java\test\data\ttt\Projects.class
2023-07-09T02:01:20.136+0700 [DEBUG] [org.gradle.internal.watch.vfs.impl.WatchingVirtualFileSystem] Handling VFS change MODIFIED D:\Repos2\ttt-auto\build\classes\java\test\data\ttt\Users$User.class
2023-07-09T02:01:20.136+0700 [DEBUG] [org.gradle.internal.watch.vfs.impl.WatchingVirtualFileSystem] Handling VFS change MODIFIED D:\Repos2\ttt-auto\build\classes\java\test\data\ttt\Users.class
2023-07-09T02:01:20.136+0700 [DEBUG] [org.gradle.internal.watch.vfs.impl.WatchingVirtualFileSystem] Handling VFS change REMOVED D:\Repos2\ttt-auto\build\classes\java\test\data\ttt
2023-07-09T02:01:20.136+0700 [DEBUG] [org.gradle.internal.watch.vfs.impl.WatchingVirtualFileSystem] Handling VFS change REMOVED D:\Repos2\ttt-auto\build\classes\java\test\data
2023-07-09T02:01:20.136+0700 [DEBUG] [org.gradle.internal.watch.vfs.impl.WatchingVirtualFileSystem] Handling VFS change MODIFIED D:\Repos2\ttt-auto\build\classes\java\test\pages\BasePage.class
2023-07-09T02:01:20.136+0700 [DEBUG] [org.gradle.internal.watch.vfs.impl.WatchingVirtualFileSystem] Handling VFS change MODIFIED D:\Repos2\ttt-auto\build\classes\java\test\pages\ttt\LoginPage.class
2023-07-09T02:01:20.136+0700 [DEBUG] [org.gradle.internal.watch.vfs.impl.WatchingVirtualFileSystem] Handling VFS change MODIFIED D:\Repos2\ttt-auto\build\classes\java\test\pages\ttt\LogoutPage.class
2023-07-09T02:01:20.136+0700 [DEBUG] [org.gradle.internal.watch.vfs.impl.WatchingVirtualFileSystem] Handling VFS change MODIFIED D:\Repos2\ttt-auto\build\classes\java\test\pages\ttt\MyTasksPage.class
2023-07-09T02:01:20.136+0700 [DEBUG] [org.gradle.internal.watch.vfs.impl.WatchingVirtualFileSystem] Handling VFS change REMOVED D:\Repos2\ttt-auto\build\classes\java\test\pages\ttt
2023-07-09T02:01:20.136+0700 [DEBUG] [org.gradle.internal.watch.vfs.impl.WatchingVirtualFileSystem] Handling VFS change REMOVED D:\Repos2\ttt-auto\build\classes\java\test\pages
2023-07-09T02:01:20.136+0700 [DEBUG] [org.gradle.internal.watch.vfs.impl.WatchingVirtualFileSystem] Handling VFS change MODIFIED D:\Repos2\ttt-auto\build\classes\java\test\tests\BaseSetupExtension.class
2023-07-09T02:01:20.136+0700 [DEBUG] [org.gradle.internal.watch.vfs.impl.WatchingVirtualFileSystem] Handling VFS change MODIFIED D:\Repos2\ttt-auto\build\classes\java\test\tests\BaseTest.class
2023-07-09T02:01:20.136+0700 [DEBUG] [org.gradle.internal.watch.vfs.impl.WatchingVirtualFileSystem] Handling VFS change MODIFIED D:\Repos2\ttt-auto\build\classes\java\test\tests\ttt\Login\LoginTest.class
2023-07-09T02:01:20.137+0700 [DEBUG] [org.gradle.internal.watch.vfs.impl.WatchingVirtualFileSystem] Handling VFS change REMOVED D:\Repos2\ttt-auto\build\classes\java\test\tests\ttt\Login
2023-07-09T02:01:20.137+0700 [DEBUG] [org.gradle.internal.watch.vfs.impl.WatchingVirtualFileSystem] Handling VFS change MODIFIED D:\Repos2\ttt-auto\build\classes\java\test\tests\ttt\MyTasks\MyTaskSteps.class
2023-07-09T02:01:20.137+0700 [DEBUG] [org.gradle.internal.watch.vfs.impl.WatchingVirtualFileSystem] Handling VFS change MODIFIED D:\Repos2\ttt-auto\build\classes\java\test\tests\ttt\MyTasks\MyTasksTest.class
2023-07-09T02:01:20.137+0700 [DEBUG] [org.gradle.internal.watch.vfs.impl.WatchingVirtualFileSystem] Handling VFS change REMOVED D:\Repos2\ttt-auto\build\classes\java\test\tests\ttt\MyTasks
2023-07-09T02:01:20.137+0700 [DEBUG] [org.gradle.internal.watch.vfs.impl.WatchingVirtualFileSystem] Handling VFS change REMOVED D:\Repos2\ttt-auto\build\classes\java\test\tests\ttt
2023-07-09T02:01:20.137+0700 [DEBUG] [org.gradle.internal.watch.vfs.impl.WatchingVirtualFileSystem] Handling VFS change REMOVED D:\Repos2\ttt-auto\build\classes\java\test\tests
2023-07-09T02:01:20.137+0700 [DEBUG] [org.gradle.internal.watch.vfs.impl.WatchingVirtualFileSystem] Handling VFS change MODIFIED D:\Repos2\ttt-auto\build\classes\java\test\utils\FileMan.class
2023-07-09T02:01:20.137+0700 [DEBUG] [org.gradle.internal.watch.vfs.impl.WatchingVirtualFileSystem] Handling VFS change MODIFIED D:\Repos2\ttt-auto\build\classes\java\test\utils\PostgreSql.class
2023-07-09T02:01:20.137+0700 [DEBUG] [org.gradle.internal.watch.vfs.impl.WatchingVirtualFileSystem] Handling VFS change REMOVED D:\Repos2\ttt-auto\build\classes\java\test\utils
2023-07-09T02:01:20.137+0700 [DEBUG] [org.gradle.internal.watch.vfs.impl.WatchingVirtualFileSystem] Handling VFS change MODIFIED D:\Repos2\ttt-auto\build\tmp\compileTestJava\previous-compilation-data.bin
2023-07-09T02:01:29.382+0700 [DEBUG] [org.gradle.cache.internal.DefaultFileLockManager] Waiting to acquire shared lock on daemon addresses registry.
2023-07-09T02:01:29.383+0700 [DEBUG] [org.gradle.cache.internal.DefaultFileLockManager] Lock acquired on daemon addresses registry.
2023-07-09T02:01:29.384+0700 [DEBUG] [org.gradle.cache.internal.DefaultFileLockManager] Releasing lock on daemon addresses registry.
2023-07-09T02:01:29.386+0700 [DEBUG] [org.gradle.cache.internal.DefaultFileLockManager] Waiting to acquire shared lock on daemon addresses registry.
2023-07-09T02:01:29.386+0700 [DEBUG] [org.gradle.cache.internal.DefaultFileLockManager] Lock acquired on daemon addresses registry.
2023-07-09T02:01:29.387+0700 [DEBUG] [org.gradle.cache.internal.DefaultFileLockManager] Releasing lock on daemon addresses registry.
2023-07-09T02:01:29.387+0700 [DEBUG] [org.gradle.cache.internal.DefaultFileLockManager] Waiting to acquire shared lock on daemon addresses registry.
2023-07-09T02:01:29.388+0700 [DEBUG] [org.gradle.cache.internal.DefaultFileLockManager] Lock acquired on daemon addresses registry.
2023-07-09T02:01:29.388+0700 [DEBUG] [org.gradle.cache.internal.DefaultFileLockManager] Releasing lock on daemon addresses registry.
2023-07-09T02:01:39.384+0700 [DEBUG] [org.gradle.cache.internal.DefaultFileLockManager] Waiting to acquire shared lock on daemon addresses registry.
2023-07-09T02:01:39.384+0700 [DEBUG] [org.gradle.cache.internal.DefaultFileLockManager] Lock acquired on daemon addresses registry.
2023-07-09T02:01:39.385+0700 [DEBUG] [org.gradle.cache.internal.DefaultFileLockManager] Releasing lock on daemon addresses registry.
2023-07-09T02:01:39.387+0700 [DEBUG] [org.gradle.cache.internal.DefaultFileLockManager] Waiting to acquire shared lock on daemon addresses registry.
2023-07-09T02:01:39.387+0700 [DEBUG] [org.gradle.cache.internal.DefaultFileLockManager] Lock acquired on daemon addresses registry.
2023-07-09T02:01:39.388+0700 [DEBUG] [org.gradle.cache.internal.DefaultFileLockManager] Releasing lock on daemon addresses registry.
2023-07-09T02:01:39.388+0700 [DEBUG] [org.gradle.cache.internal.DefaultFileLockManager] Waiting to acquire shared lock on daemon addresses registry.
2023-07-09T02:01:39.388+0700 [DEBUG] [org.gradle.cache.internal.DefaultFileLockManager] Lock acquired on daemon addresses registry.
2023-07-09T02:01:39.389+0700 [DEBUG] [org.gradle.cache.internal.DefaultFileLockManager] Releasing lock on daemon addresses registry.
2023-07-09T02:01:49.391+0700 [DEBUG] [org.gradle.cache.internal.DefaultFileLockManager] Waiting to acquire shared lock on daemon addresses registry.
2023-07-09T02:01:49.391+0700 [DEBUG] [org.gradle.cache.internal.DefaultFileLockManager] Lock acquired on daemon addresses registry.
2023-07-09T02:01:49.392+0700 [DEBUG] [org.gradle.cache.internal.DefaultFileLockManager] Releasing lock on daemon addresses registry.
2023-07-09T02:01:49.394+0700 [DEBUG] [org.gradle.cache.internal.DefaultFileLockManager] Waiting to acquire shared lock on daemon addresses registry.
2023-07-09T02:01:49.394+0700 [DEBUG] [org.gradle.cache.internal.DefaultFileLockManager] Lock acquired on daemon addresses registry.
2023-07-09T02:01:49.395+0700 [DEBUG] [org.gradle.cache.internal.DefaultFileLockManager] Releasing lock on daemon addresses registry.
2023-07-09T02:01:49.395+0700 [DEBUG] [org.gradle.cache.internal.DefaultFileLockManager] Waiting to acquire shared lock on daemon addresses registry.
2023-07-09T02:01:49.396+0700 [DEBUG] [org.gradle.cache.internal.DefaultFileLockManager] Lock acquired on daemon addresses registry.
2023-07-09T02:01:49.396+0700 [DEBUG] [org.gradle.cache.internal.DefaultFileLockManager] Releasing lock on daemon addresses registry.
2023-07-09T02:01:59.386+0700 [DEBUG] [org.gradle.cache.internal.DefaultFileLockManager] Waiting to acquire shared lock on daemon addresses registry.
2023-07-09T02:01:59.387+0700 [DEBUG] [org.gradle.cache.internal.DefaultFileLockManager] Lock acquired on daemon addresses registry.
2023-07-09T02:01:59.388+0700 [DEBUG] [org.gradle.cache.internal.DefaultFileLockManager] Releasing lock on daemon addresses registry.
2023-07-09T02:01:59.390+0700 [DEBUG] [org.gradle.cache.internal.DefaultFileLockManager] Waiting to acquire shared lock on daemon addresses registry.
2023-07-09T02:01:59.390+0700 [DEBUG] [org.gradle.cache.internal.DefaultFileLockManager] Lock acquired on daemon addresses registry.
2023-07-09T02:01:59.390+0700 [DEBUG] [org.gradle.cache.internal.DefaultFileLockManager] Releasing lock on daemon addresses registry.
2023-07-09T02:01:59.391+0700 [DEBUG] [org.gradle.cache.internal.DefaultFileLockManager] Waiting to acquire shared lock on daemon addresses registry.
2023-07-09T02:01:59.391+0700 [DEBUG] [org.gradle.cache.internal.DefaultFileLockManager] Lock acquired on daemon addresses registry.
2023-07-09T02:01:59.391+0700 [DEBUG] [org.gradle.cache.internal.DefaultFileLockManager] Releasing lock on daemon addresses registry.
2023-07-09T02:02:09.384+0700 [DEBUG] [org.gradle.cache.internal.DefaultFileLockManager] Waiting to acquire shared lock on daemon addresses registry.
2023-07-09T02:02:09.385+0700 [DEBUG] [org.gradle.cache.internal.DefaultFileLockManager] Lock acquired on daemon addresses registry.
2023-07-09T02:02:09.385+0700 [DEBUG] [org.gradle.cache.internal.DefaultFileLockManager] Releasing lock on daemon addresses registry.
2023-07-09T02:02:09.387+0700 [DEBUG] [org.gradle.cache.internal.DefaultFileLockManager] Waiting to acquire shared lock on daemon addresses registry.
2023-07-09T02:02:09.388+0700 [DEBUG] [org.gradle.cache.internal.DefaultFileLockManager] Lock acquired on daemon addresses registry.
2023-07-09T02:02:09.388+0700 [DEBUG] [org.gradle.cache.internal.DefaultFileLockManager] Releasing lock on daemon addresses registry.
2023-07-09T02:02:09.389+0700 [DEBUG] [org.gradle.cache.internal.DefaultFileLockManager] Waiting to acquire shared lock on daemon addresses registry.
2023-07-09T02:02:09.389+0700 [DEBUG] [org.gradle.cache.internal.DefaultFileLockManager] Lock acquired on daemon addresses registry.
2023-07-09T02:02:09.389+0700 [DEBUG] [org.gradle.cache.internal.DefaultFileLockManager] Releasing lock on daemon addresses registry.
2023-07-09T02:02:19.389+0700 [DEBUG] [org.gradle.cache.internal.DefaultFileLockManager] Waiting to acquire shared lock on daemon addresses registry.
2023-07-09T02:02:19.389+0700 [DEBUG] [org.gradle.cache.internal.DefaultFileLockManager] Lock acquired on daemon addresses registry.
2023-07-09T02:02:19.390+0700 [DEBUG] [org.gradle.cache.internal.DefaultFileLockManager] Releasing lock on daemon addresses registry.
2023-07-09T02:02:19.392+0700 [DEBUG] [org.gradle.cache.internal.DefaultFileLockManager] Waiting to acquire shared lock on daemon addresses registry.
2023-07-09T02:02:19.392+0700 [DEBUG] [org.gradle.cache.internal.DefaultFileLockManager] Lock acquired on daemon addresses registry.
2023-07-09T02:02:19.393+0700 [DEBUG] [org.gradle.cache.internal.DefaultFileLockManager] Releasing lock on daemon addresses registry.
2023-07-09T02:02:19.394+0700 [DEBUG] [org.gradle.cache.internal.DefaultFileLockManager] Waiting to acquire shared lock on daemon addresses registry.
2023-07-09T02:02:19.394+0700 [DEBUG] [org.gradle.cache.internal.DefaultFileLockManager] Lock acquired on daemon addresses registry.
2023-07-09T02:02:19.394+0700 [DEBUG] [org.gradle.cache.internal.DefaultFileLockManager] Releasing lock on daemon addresses registry.
2023-07-09T02:02:29.382+0700 [DEBUG] [org.gradle.cache.internal.DefaultFileLockManager] Waiting to acquire shared lock on daemon addresses registry.
2023-07-09T02:02:29.383+0700 [DEBUG] [org.gradle.cache.internal.DefaultFileLockManager] Lock acquired on daemon addresses registry.
2023-07-09T02:02:29.383+0700 [DEBUG] [org.gradle.cache.internal.DefaultFileLockManager] Releasing lock on daemon addresses registry.
2023-07-09T02:02:29.385+0700 [DEBUG] [org.gradle.cache.internal.DefaultFileLockManager] Waiting to acquire shared lock on daemon addresses registry.
2023-07-09T02:02:29.385+0700 [DEBUG] [org.gradle.cache.internal.DefaultFileLockManager] Lock acquired on daemon addresses registry.
2023-07-09T02:02:29.385+0700 [DEBUG] [org.gradle.cache.internal.DefaultFileLockManager] Releasing lock on daemon addresses registry.
2023-07-09T02:02:29.386+0700 [DEBUG] [org.gradle.cache.internal.DefaultFileLockManager] Waiting to acquire shared lock on daemon addresses registry.
2023-07-09T02:02:29.387+0700 [DEBUG] [org.gradle.cache.internal.DefaultFileLockManager] Lock acquired on daemon addresses registry.
2023-07-09T02:02:29.387+0700 [DEBUG] [org.gradle.cache.internal.DefaultFileLockManager] Releasing lock on daemon addresses registry.
2023-07-09T02:02:39.387+0700 [DEBUG] [org.gradle.cache.internal.DefaultFileLockManager] Waiting to acquire shared lock on daemon addresses registry.
2023-07-09T02:02:39.387+0700 [DEBUG] [org.gradle.cache.internal.DefaultFileLockManager] Lock acquired on daemon addresses registry.
2023-07-09T02:02:39.388+0700 [DEBUG] [org.gradle.cache.internal.DefaultFileLockManager] Releasing lock on daemon addresses registry.
2023-07-09T02:02:39.390+0700 [DEBUG] [org.gradle.cache.internal.DefaultFileLockManager] Waiting to acquire shared lock on daemon addresses registry.
2023-07-09T02:02:39.391+0700 [DEBUG] [org.gradle.cache.internal.DefaultFileLockManager] Lock acquired on daemon addresses registry.
2023-07-09T02:02:39.392+0700 [DEBUG] [org.gradle.cache.internal.DefaultFileLockManager] Releasing lock on daemon addresses registry.
2023-07-09T02:02:39.392+0700 [DEBUG] [org.gradle.cache.internal.DefaultFileLockManager] Waiting to acquire shared lock on daemon addresses registry.
2023-07-09T02:02:39.393+0700 [DEBUG] [org.gradle.cache.internal.DefaultFileLockManager] Lock acquired on daemon addresses registry.
2023-07-09T02:02:39.393+0700 [DEBUG] [org.gradle.cache.internal.DefaultFileLockManager] Releasing lock on daemon addresses registry.
2023-07-09T02:02:49.389+0700 [DEBUG] [org.gradle.cache.internal.DefaultFileLockManager] Waiting to acquire shared lock on daemon addresses registry.
2023-07-09T02:02:49.390+0700 [DEBUG] [org.gradle.cache.internal.DefaultFileLockManager] Lock acquired on daemon addresses registry.
2023-07-09T02:02:49.391+0700 [DEBUG] [org.gradle.cache.internal.DefaultFileLockManager] Releasing lock on daemon addresses registry.
2023-07-09T02:02:49.393+0700 [DEBUG] [org.gradle.cache.internal.DefaultFileLockManager] Waiting to acquire shared lock on daemon addresses registry.
2023-07-09T02:02:49.393+0700 [DEBUG] [org.gradle.cache.internal.DefaultFileLockManager] Lock acquired on daemon addresses registry.
2023-07-09T02:02:49.394+0700 [DEBUG] [org.gradle.cache.internal.DefaultFileLockManager] Releasing lock on daemon addresses registry.
2023-07-09T02:02:49.394+0700 [DEBUG] [org.gradle.cache.internal.DefaultFileLockManager] Waiting to acquire shared lock on daemon addresses registry.
2023-07-09T02:02:49.394+0700 [DEBUG] [org.gradle.cache.internal.DefaultFileLockManager] Lock acquired on daemon addresses registry.
2023-07-09T02:02:49.395+0700 [DEBUG] [org.gradle.cache.internal.DefaultFileLockManager] Releasing lock on daemon addresses registry.
2023-07-09T02:02:52.242+0700 [DEBUG] [org.gradle.internal.remote.internal.inet.TcpIncomingConnector] Accepted connection from /127.0.0.1:54864 to /127.0.0.1:54611.
2023-07-09T02:02:52.245+0700 [DEBUG] [org.gradle.launcher.daemon.server.SynchronizedDispatchConnection] thread 208: received class org.gradle.launcher.daemon.protocol.StopWhenIdle
2023-07-09T02:02:52.245+0700 [DEBUG] [org.gradle.launcher.daemon.server.DefaultDaemonConnection] thread 208: Received non-IO message from client: StopWhenIdle[id=9e517661-b713-46a4-883d-7ccf2e5c23d6]
2023-07-09T02:02:52.246+0700 [INFO] [org.gradle.launcher.daemon.server.DefaultIncomingConnectionHandler] Received command: StopWhenIdle[id=9e517661-b713-46a4-883d-7ccf2e5c23d6].
2023-07-09T02:02:52.246+0700 [DEBUG] [org.gradle.launcher.daemon.server.DefaultIncomingConnectionHandler] Starting executing command: StopWhenIdle[id=9e517661-b713-46a4-883d-7ccf2e5c23d6] with connection: socket connection from /127.0.0.1:54611 to /127.0.0.1:54864.
2023-07-09T02:02:52.246+0700 [DEBUG] [org.gradle.launcher.daemon.server.DaemonRegistryUpdater] Storing daemon stop event: stop command received
2023-07-09T02:02:52.246+0700 [DEBUG] [org.gradle.launcher.daemon.registry.PersistentDaemonRegistry] Storing daemon stop event with timestamp 1688842972247
2023-07-09T02:02:52.246+0700 [DEBUG] [org.gradle.cache.internal.DefaultFileLockManager] Waiting to acquire exclusive lock on daemon addresses registry.
2023-07-09T02:02:52.246+0700 [DEBUG] [org.gradle.cache.internal.DefaultFileLockManager] Lock acquired on daemon addresses registry.
2023-07-09T02:02:52.247+0700 [DEBUG] [org.gradle.cache.internal.DefaultFileLockManager] Releasing lock on daemon addresses registry.
2023-07-09T02:02:52.247+0700 [LIFECYCLE] [org.gradle.launcher.daemon.server.DaemonStateCoordinator] Daemon will be stopped at the end of the build stop command received
2023-07-09T02:02:52.247+0700 [DEBUG] [org.gradle.launcher.daemon.server.DaemonStateCoordinator] Marking daemon stopped due to stop command received. The daemon is running a build: false
2023-07-09T02:02:52.247+0700 [DEBUG] [org.gradle.launcher.daemon.server.DaemonStateCoordinator] daemon has stopped.
2023-07-09T02:02:52.247+0700 [DEBUG] [org.gradle.launcher.daemon.server.SynchronizedDispatchConnection] thread 207: dispatching Success[value=null]
2023-07-09T02:02:52.247+0700 [DEBUG] [org.gradle.launcher.daemon.server.Daemon] stop() called on daemon
2023-07-09T02:02:52.247+0700 [INFO] [org.gradle.launcher.daemon.server.Daemon] Stop requested. Daemon is removing its presence from the registry...
2023-07-09T02:02:52.247+0700 [DEBUG] [org.gradle.launcher.daemon.server.DefaultIncomingConnectionHandler] Finishing executing command: StopWhenIdle[id=9e517661-b713-46a4-883d-7ccf2e5c23d6]
2023-07-09T02:02:52.247+0700 [DEBUG] [org.gradle.launcher.daemon.server.DaemonRegistryUpdater] Removing our presence to clients, eg. removing this address from the registry: [80e4bdf3-9fba-4e34-af13-05ec6a3ebb0a port:54611, addresses:[localhost/127.0.0.1]]
2023-07-09T02:02:52.247+0700 [DEBUG] [org.gradle.launcher.daemon.registry.PersistentDaemonRegistry] Removing daemon address: [80e4bdf3-9fba-4e34-af13-05ec6a3ebb0a port:54611, addresses:[localhost/127.0.0.1]]
2023-07-09T02:02:52.247+0700 [DEBUG] [org.gradle.launcher.daemon.server.SynchronizedDispatchConnection] thread 208: received class org.gradle.launcher.daemon.protocol.Finished
2023-07-09T02:02:52.247+0700 [DEBUG] [org.gradle.launcher.daemon.server.DefaultDaemonConnection] thread 208: Received non-IO message from client: org.gradle.launcher.daemon.protocol.Finished@eb78fe0
2023-07-09T02:02:52.247+0700 [DEBUG] [org.gradle.launcher.daemon.server.DefaultIncomingConnectionHandler] Received finished message: org.gradle.launcher.daemon.protocol.Finished@eb78fe0
2023-07-09T02:02:52.247+0700 [DEBUG] [org.gradle.internal.remote.internal.inet.SocketConnection] Discarding EOFException: java.io.EOFException
2023-07-09T02:02:52.247+0700 [DEBUG] [org.gradle.launcher.daemon.server.SynchronizedDispatchConnection] thread 208: received null
2023-07-09T02:02:52.247+0700 [DEBUG] [org.gradle.launcher.daemon.server.DefaultDaemonConnection] thread 208: Received end-of-input from client.
2023-07-09T02:02:52.247+0700 [DEBUG] [org.gradle.launcher.daemon.server.SynchronizedDispatchConnection] thread 207: stopping connection
2023-07-09T02:02:52.248+0700 [DEBUG] [org.gradle.launcher.daemon.server.SynchronizedDispatchConnection] thread 207: stopping connection
2023-07-09T02:02:52.248+0700 [DEBUG] [org.gradle.cache.internal.DefaultFileLockManager] Waiting to acquire exclusive lock on daemon addresses registry.
2023-07-09T02:02:52.248+0700 [DEBUG] [org.gradle.cache.internal.DefaultFileLockManager] Lock acquired on daemon addresses registry.
2023-07-09T02:02:52.248+0700 [DEBUG] [org.gradle.cache.internal.DefaultFileLockManager] Releasing lock on daemon addresses registry.
2023-07-09T02:02:52.248+0700 [DEBUG] [org.gradle.launcher.daemon.server.DaemonRegistryUpdater] Address removed from registry.
2023-07-09T02:02:52.249+0700 [DEBUG] [org.gradle.cache.internal.DefaultPersistentDirectoryStore] jars (D:\Repos2\ttt-auto\gradle\caches\jars-9) has last been fully cleaned up 1 hours ago
2023-07-09T02:02:52.249+0700 [DEBUG] [org.gradle.cache.internal.DefaultPersistentDirectoryStore] Artifact transforms cache (D:\Repos2\ttt-auto\gradle\caches\transforms-3) has last been fully cleaned up 1 hours ago
2023-07-09T02:02:52.249+0700 [DEBUG] [org.gradle.cache.internal.DefaultCacheCoordinator] Cache Artifact transforms cache (D:\Repos2\ttt-auto\gradle\caches\transforms-3) was closed 0 times.
2023-07-09T02:02:52.250+0700 [DEBUG] [org.gradle.internal.watch.vfs.impl.WatchingVirtualFileSystem] Closing VFS, dropping state
2023-07-09T02:02:52.250+0700 [DEBUG] [org.gradle.cache.internal.DefaultCacheCoordinator] Cache Generated Gradle JARs cache (D:\Repos2\ttt-auto\gradle\caches\8.2\generated-gradle-jars) was closed 0 times.
2023-07-09T02:02:52.250+0700 [DEBUG] [org.gradle.internal.watch.registry.impl.DefaultFileWatcherRegistry] Finished listening to file system change events
2023-07-09T02:02:52.250+0700 [DEBUG] [org.gradle.cache.internal.DefaultPersistentDirectoryStore] artifact cache (D:\Repos2\ttt-auto\gradle\caches\modules-2) has last been fully cleaned up 1 hours ago
Daemon vm is shutting down... The daemon has exited normally or was terminated in response to a user interrupt.
2023-07-09T02:02:52.251+0700 [DEBUG] [org.gradle.launcher.daemon.registry.PersistentDaemonRegistry] Removing daemon address: [80e4bdf3-9fba-4e34-af13-05ec6a3ebb0a port:54611, addresses:[localhost/127.0.0.1]]
2023-07-09T02:02:52.251+0700 [DEBUG] [org.gradle.cache.internal.DefaultFileLockManager] Waiting to acquire exclusive lock on daemon addresses registry.
2023-07-09T02:02:52.252+0700 [DEBUG] [org.gradle.cache.internal.DefaultFileLockManager] Lock acquired on daemon addresses registry.
2023-07-09T02:02:52.252+0700 [DEBUG] [org.gradle.cache.internal.DefaultFileLockManager] Releasing lock on daemon addresses registry.
